This is pdfTeX, Version 3.1415926-2.5-1.40.14 (TeX Live 2013) (format=pdflatex 2013.5.30)  31 AUG 2014 22:05
entering extended mode
 restricted \write18 enabled.
 %&-line parsing enabled.
**refman
(./refman.tex
LaTeX2e <2011/06/27>
Babel <3.9f> and hyphenation patterns for 78 languages loaded.
(/usr/local/texlive/2013/texmf-dist/tex/latex/base/book.cls
Document Class: book 2007/10/19 v1.4h Standard LaTeX document class
(/usr/local/texlive/2013/texmf-dist/tex/latex/base/bk10.clo
File: bk10.clo 2007/10/19 v1.4h Standard LaTeX file (size option)
)
\c@part=\count79
\c@chapter=\count80
\c@section=\count81
\c@subsection=\count82
\c@subsubsection=\count83
\c@paragraph=\count84
\c@subparagraph=\count85
\c@figure=\count86
\c@table=\count87
\abovecaptionskip=\skip41
\belowcaptionskip=\skip42
\bibindent=\dimen102
)
(/usr/local/texlive/2013/texmf-dist/tex/latex/base/fixltx2e.sty
Package: fixltx2e 2006/09/13 v1.1m fixes to LaTeX
LaTeX Info: Redefining \em on input line 420.
)
(/usr/local/texlive/2013/texmf-dist/tex/latex/tools/calc.sty
Package: calc 2007/08/22 v4.3 Infix arithmetic (KKT,FJ)
\calc@Acount=\count88
\calc@Bcount=\count89
\calc@Adimen=\dimen103
\calc@Bdimen=\dimen104
\calc@Askip=\skip43
\calc@Bskip=\skip44
LaTeX Info: Redefining \setlength on input line 76.
LaTeX Info: Redefining \addtolength on input line 77.
\calc@Ccount=\count90
\calc@Cskip=\skip45
) (./doxygen.sty
Package: doxygen 

(/usr/local/texlive/2013/texmf-dist/tex/latex/base/alltt.sty
Package: alltt 1997/06/16 v2.0g defines alltt environment
)
(/usr/local/texlive/2013/texmf-dist/tex/latex/tools/array.sty
Package: array 2008/09/09 v2.4c Tabular extension package (FMi)
\col@sep=\dimen105
\extrarowheight=\dimen106
\NC@list=\toks14
\extratabsurround=\skip46
\backup@length=\skip47
)
(/usr/local/texlive/2013/texmf-dist/tex/latex/float/float.sty
Package: float 2001/11/08 v1.3d Float enhancements (AL)
\c@float@type=\count91
\float@exts=\toks15
\float@box=\box26
\@float@everytoks=\toks16
\@floatcapt=\box27
)
(/usr/local/texlive/2013/texmf-dist/tex/latex/base/ifthen.sty
Package: ifthen 2001/05/26 v1.1c Standard LaTeX ifthen package (DPC)
)
(/usr/local/texlive/2013/texmf-dist/tex/latex/tools/verbatim.sty
Package: verbatim 2003/08/22 v1.5q LaTeX2e package for verbatim enhancements
\every@verbatim=\toks17
\verbatim@line=\toks18
\verbatim@in@stream=\read1
)
(/usr/local/texlive/2013/texmf-dist/tex/latex/xcolor/xcolor.sty
Package: xcolor 2007/01/21 v2.11 LaTeX color extensions (UK)

(/usr/local/texlive/2013/texmf-dist/tex/latex/latexconfig/color.cfg
File: color.cfg 2007/01/18 v1.5 color configuration of teTeX/TeXLive
)
Package xcolor Info: Driver file: pdftex.def on input line 225.

(/usr/local/texlive/2013/texmf-dist/tex/latex/pdftex-def/pdftex.def
File: pdftex.def 2011/05/27 v0.06d Graphics/color for pdfTeX

(/usr/local/texlive/2013/texmf-dist/tex/generic/oberdiek/infwarerr.sty
Package: infwarerr 2010/04/08 v1.3 Providing info/warning/error messages (HO)
)
(/usr/local/texlive/2013/texmf-dist/tex/generic/oberdiek/ltxcmds.sty
Package: ltxcmds 2011/11/09 v1.22 LaTeX kernel commands for general use (HO)
)
\Gread@gobject=\count92
)
(/usr/local/texlive/2013/texmf-dist/tex/latex/colortbl/colortbl.sty
Package: colortbl 2012/02/13 v1.0a Color table columns (DPC)
\everycr=\toks19
\minrowclearance=\skip48
)
\rownum=\count93
Package xcolor Info: Model `cmy' substituted by `cmy0' on input line 1337.
Package xcolor Info: Model `hsb' substituted by `rgb' on input line 1341.
Package xcolor Info: Model `RGB' extended on input line 1353.
Package xcolor Info: Model `HTML' substituted by `rgb' on input line 1355.
Package xcolor Info: Model `Hsb' substituted by `hsb' on input line 1356.
Package xcolor Info: Model `tHsb' substituted by `hsb' on input line 1357.
Package xcolor Info: Model `HSB' substituted by `hsb' on input line 1358.
Package xcolor Info: Model `Gray' substituted by `gray' on input line 1359.
Package xcolor Info: Model `wave' substituted by `hsb' on input line 1360.
)
(/usr/local/texlive/2013/texmf-dist/tex/latex/xtab/xtab.sty
Package: xtab 2011/07/31 v2.3f Extended supertabular package
\c@tracingst=\count94
\PWSTcapht=\dimen107
\ST@wd=\dimen108
\ST@rightskip=\skip49
\ST@leftskip=\skip50
\ST@parfillskip=\skip51
\c@PWSTtable=\count95
\PWSTlastpage=\count96
\PWSTpenultimate=\count97
\PWSTcurpage=\count98
\PWSTtempc=\count99
\PWSTlines=\count100
\PWST@lastht=\dimen109
\PWST@generalht=\dimen110
\PWST@ht=\dimen111
\ST@pageleft=\dimen112
\ST@headht=\dimen113
\ST@tailht=\dimen114
\ST@pagesofar=\dimen115
\ST@pboxht=\dimen116
\ST@lineht=\dimen117
\ST@stretchht=\dimen118
\ST@prevht=\dimen119
\ST@toadd=\dimen120
\ST@dimen=\dimen121
\ST@pbox=\box28
)
\xrefbox=\box29
\xreflength=\skip52
\tmplength=\skip53
)
(/usr/local/texlive/2013/texmf-dist/tex/latex/graphics/graphicx.sty
Package: graphicx 1999/02/16 v1.0f Enhanced LaTeX Graphics (DPC,SPQR)

(/usr/local/texlive/2013/texmf-dist/tex/latex/graphics/keyval.sty
Package: keyval 1999/03/16 v1.13 key=value parser (DPC)
\KV@toks@=\toks20
)
(/usr/local/texlive/2013/texmf-dist/tex/latex/graphics/graphics.sty
Package: graphics 2009/02/05 v1.0o Standard LaTeX Graphics (DPC,SPQR)

(/usr/local/texlive/2013/texmf-dist/tex/latex/graphics/trig.sty
Package: trig 1999/03/16 v1.09 sin cos tan (DPC)
)
(/usr/local/texlive/2013/texmf-dist/tex/latex/latexconfig/graphics.cfg
File: graphics.cfg 2010/04/23 v1.9 graphics configuration of TeX Live
)
Package graphics Info: Driver file: pdftex.def on input line 91.
)
\Gin@req@height=\dimen122
\Gin@req@width=\dimen123
)
(/usr/local/texlive/2013/texmf-dist/tex/latex/base/inputenc.sty
Package: inputenc 2008/03/30 v1.1d Input encoding file
\inpenc@prehook=\toks21
\inpenc@posthook=\toks22

(/usr/local/texlive/2013/texmf-dist/tex/latex/base/utf8.def
File: utf8.def 2008/04/05 v1.1m UTF-8 support for inputenc
Now handling font encoding OML ...
... no UTF-8 mapping file for font encoding OML
Now handling font encoding T1 ...
... processing UTF-8 mapping file for font encoding T1

(/usr/local/texlive/2013/texmf-dist/tex/latex/base/t1enc.dfu
File: t1enc.dfu 2008/04/05 v1.1m UTF-8 support for inputenc
   defining Unicode char U+00A1 (decimal 161)
   defining Unicode char U+00A3 (decimal 163)
   defining Unicode char U+00AB (decimal 171)
   defining Unicode char U+00BB (decimal 187)
   defining Unicode char U+00BF (decimal 191)
   defining Unicode char U+00C0 (decimal 192)
   defining Unicode char U+00C1 (decimal 193)
   defining Unicode char U+00C2 (decimal 194)
   defining Unicode char U+00C3 (decimal 195)
   defining Unicode char U+00C4 (decimal 196)
   defining Unicode char U+00C5 (decimal 197)
   defining Unicode char U+00C6 (decimal 198)
   defining Unicode char U+00C7 (decimal 199)
   defining Unicode char U+00C8 (decimal 200)
   defining Unicode char U+00C9 (decimal 201)
   defining Unicode char U+00CA (decimal 202)
   defining Unicode char U+00CB (decimal 203)
   defining Unicode char U+00CC (decimal 204)
   defining Unicode char U+00CD (decimal 205)
   defining Unicode char U+00CE (decimal 206)
   defining Unicode char U+00CF (decimal 207)
   defining Unicode char U+00D0 (decimal 208)
   defining Unicode char U+00D1 (decimal 209)
   defining Unicode char U+00D2 (decimal 210)
   defining Unicode char U+00D3 (decimal 211)
   defining Unicode char U+00D4 (decimal 212)
   defining Unicode char U+00D5 (decimal 213)
   defining Unicode char U+00D6 (decimal 214)
   defining Unicode char U+00D8 (decimal 216)
   defining Unicode char U+00D9 (decimal 217)
   defining Unicode char U+00DA (decimal 218)
   defining Unicode char U+00DB (decimal 219)
   defining Unicode char U+00DC (decimal 220)
   defining Unicode char U+00DD (decimal 221)
   defining Unicode char U+00DE (decimal 222)
   defining Unicode char U+00DF (decimal 223)
   defining Unicode char U+00E0 (decimal 224)
   defining Unicode char U+00E1 (decimal 225)
   defining Unicode char U+00E2 (decimal 226)
   defining Unicode char U+00E3 (decimal 227)
   defining Unicode char U+00E4 (decimal 228)
   defining Unicode char U+00E5 (decimal 229)
   defining Unicode char U+00E6 (decimal 230)
   defining Unicode char U+00E7 (decimal 231)
   defining Unicode char U+00E8 (decimal 232)
   defining Unicode char U+00E9 (decimal 233)
   defining Unicode char U+00EA (decimal 234)
   defining Unicode char U+00EB (decimal 235)
   defining Unicode char U+00EC (decimal 236)
   defining Unicode char U+00ED (decimal 237)
   defining Unicode char U+00EE (decimal 238)
   defining Unicode char U+00EF (decimal 239)
   defining Unicode char U+00F0 (decimal 240)
   defining Unicode char U+00F1 (decimal 241)
   defining Unicode char U+00F2 (decimal 242)
   defining Unicode char U+00F3 (decimal 243)
   defining Unicode char U+00F4 (decimal 244)
   defining Unicode char U+00F5 (decimal 245)
   defining Unicode char U+00F6 (decimal 246)
   defining Unicode char U+00F8 (decimal 248)
   defining Unicode char U+00F9 (decimal 249)
   defining Unicode char U+00FA (decimal 250)
   defining Unicode char U+00FB (decimal 251)
   defining Unicode char U+00FC (decimal 252)
   defining Unicode char U+00FD (decimal 253)
   defining Unicode char U+00FE (decimal 254)
   defining Unicode char U+00FF (decimal 255)
   defining Unicode char U+0102 (decimal 258)
   defining Unicode char U+0103 (decimal 259)
   defining Unicode char U+0104 (decimal 260)
   defining Unicode char U+0105 (decimal 261)
   defining Unicode char U+0106 (decimal 262)
   defining Unicode char U+0107 (decimal 263)
   defining Unicode char U+010C (decimal 268)
   defining Unicode char U+010D (decimal 269)
   defining Unicode char U+010E (decimal 270)
   defining Unicode char U+010F (decimal 271)
   defining Unicode char U+0110 (decimal 272)
   defining Unicode char U+0111 (decimal 273)
   defining Unicode char U+0118 (decimal 280)
   defining Unicode char U+0119 (decimal 281)
   defining Unicode char U+011A (decimal 282)
   defining Unicode char U+011B (decimal 283)
   defining Unicode char U+011E (decimal 286)
   defining Unicode char U+011F (decimal 287)
   defining Unicode char U+0130 (decimal 304)
   defining Unicode char U+0131 (decimal 305)
   defining Unicode char U+0132 (decimal 306)
   defining Unicode char U+0133 (decimal 307)
   defining Unicode char U+0139 (decimal 313)
   defining Unicode char U+013A (decimal 314)
   defining Unicode char U+013D (decimal 317)
   defining Unicode char U+013E (decimal 318)
   defining Unicode char U+0141 (decimal 321)
   defining Unicode char U+0142 (decimal 322)
   defining Unicode char U+0143 (decimal 323)
   defining Unicode char U+0144 (decimal 324)
   defining Unicode char U+0147 (decimal 327)
   defining Unicode char U+0148 (decimal 328)
   defining Unicode char U+014A (decimal 330)
   defining Unicode char U+014B (decimal 331)
   defining Unicode char U+0150 (decimal 336)
   defining Unicode char U+0151 (decimal 337)
   defining Unicode char U+0152 (decimal 338)
   defining Unicode char U+0153 (decimal 339)
   defining Unicode char U+0154 (decimal 340)
   defining Unicode char U+0155 (decimal 341)
   defining Unicode char U+0158 (decimal 344)
   defining Unicode char U+0159 (decimal 345)
   defining Unicode char U+015A (decimal 346)
   defining Unicode char U+015B (decimal 347)
   defining Unicode char U+015E (decimal 350)
   defining Unicode char U+015F (decimal 351)
   defining Unicode char U+0160 (decimal 352)
   defining Unicode char U+0161 (decimal 353)
   defining Unicode char U+0162 (decimal 354)
   defining Unicode char U+0163 (decimal 355)
   defining Unicode char U+0164 (decimal 356)
   defining Unicode char U+0165 (decimal 357)
   defining Unicode char U+016E (decimal 366)
   defining Unicode char U+016F (decimal 367)
   defining Unicode char U+0170 (decimal 368)
   defining Unicode char U+0171 (decimal 369)
   defining Unicode char U+0178 (decimal 376)
   defining Unicode char U+0179 (decimal 377)
   defining Unicode char U+017A (decimal 378)
   defining Unicode char U+017B (decimal 379)
   defining Unicode char U+017C (decimal 380)
   defining Unicode char U+017D (decimal 381)
   defining Unicode char U+017E (decimal 382)
   defining Unicode char U+200C (decimal 8204)
   defining Unicode char U+2013 (decimal 8211)
   defining Unicode char U+2014 (decimal 8212)
   defining Unicode char U+2018 (decimal 8216)
   defining Unicode char U+2019 (decimal 8217)
   defining Unicode char U+201A (decimal 8218)
   defining Unicode char U+201C (decimal 8220)
   defining Unicode char U+201D (decimal 8221)
   defining Unicode char U+201E (decimal 8222)
   defining Unicode char U+2030 (decimal 8240)
   defining Unicode char U+2031 (decimal 8241)
   defining Unicode char U+2039 (decimal 8249)
   defining Unicode char U+203A (decimal 8250)
   defining Unicode char U+2423 (decimal 9251)
)
Now handling font encoding OT1 ...
... processing UTF-8 mapping file for font encoding OT1

(/usr/local/texlive/2013/texmf-dist/tex/latex/base/ot1enc.dfu
File: ot1enc.dfu 2008/04/05 v1.1m UTF-8 support for inputenc
   defining Unicode char U+00A1 (decimal 161)
   defining Unicode char U+00A3 (decimal 163)
   defining Unicode char U+00B8 (decimal 184)
   defining Unicode char U+00BF (decimal 191)
   defining Unicode char U+00C5 (decimal 197)
   defining Unicode char U+00C6 (decimal 198)
   defining Unicode char U+00D8 (decimal 216)
   defining Unicode char U+00DF (decimal 223)
   defining Unicode char U+00E6 (decimal 230)
   defining Unicode char U+00EC (decimal 236)
   defining Unicode char U+00ED (decimal 237)
   defining Unicode char U+00EE (decimal 238)
   defining Unicode char U+00EF (decimal 239)
   defining Unicode char U+00F8 (decimal 248)
   defining Unicode char U+0131 (decimal 305)
   defining Unicode char U+0141 (decimal 321)
   defining Unicode char U+0142 (decimal 322)
   defining Unicode char U+0152 (decimal 338)
   defining Unicode char U+0153 (decimal 339)
   defining Unicode char U+2013 (decimal 8211)
   defining Unicode char U+2014 (decimal 8212)
   defining Unicode char U+2018 (decimal 8216)
   defining Unicode char U+2019 (decimal 8217)
   defining Unicode char U+201C (decimal 8220)
   defining Unicode char U+201D (decimal 8221)
)
Now handling font encoding OMS ...
... processing UTF-8 mapping file for font encoding OMS

(/usr/local/texlive/2013/texmf-dist/tex/latex/base/omsenc.dfu
File: omsenc.dfu 2008/04/05 v1.1m UTF-8 support for inputenc
   defining Unicode char U+00A7 (decimal 167)
   defining Unicode char U+00B6 (decimal 182)
   defining Unicode char U+00B7 (decimal 183)
   defining Unicode char U+2020 (decimal 8224)
   defining Unicode char U+2021 (decimal 8225)
   defining Unicode char U+2022 (decimal 8226)
)
Now handling font encoding OMX ...
... no UTF-8 mapping file for font encoding OMX
Now handling font encoding U ...
... no UTF-8 mapping file for font encoding U
   defining Unicode char U+00A9 (decimal 169)
   defining Unicode char U+00AA (decimal 170)
   defining Unicode char U+00AE (decimal 174)
   defining Unicode char U+00BA (decimal 186)
   defining Unicode char U+02C6 (decimal 710)
   defining Unicode char U+02DC (decimal 732)
   defining Unicode char U+200C (decimal 8204)
   defining Unicode char U+2026 (decimal 8230)
   defining Unicode char U+2122 (decimal 8482)
   defining Unicode char U+2423 (decimal 9251)
))
(/usr/local/texlive/2013/texmf-dist/tex/latex/base/makeidx.sty
Package: makeidx 2000/03/29 v1.0m Standard LaTeX package
)
(/usr/local/texlive/2013/texmf-dist/tex/latex/tools/multicol.sty
Package: multicol 2011/06/27 v1.7a multicolumn formatting (FMi)
\c@tracingmulticols=\count101
\mult@box=\box30
\multicol@leftmargin=\dimen124
\c@unbalance=\count102
\c@collectmore=\count103
\doublecol@number=\count104
\multicoltolerance=\count105
\multicolpretolerance=\count106
\full@width=\dimen125
\page@free=\dimen126
\premulticols=\dimen127
\postmulticols=\dimen128
\multicolsep=\skip54
\multicolbaselineskip=\skip55
\partial@page=\box31
\last@line=\box32
\mult@rightbox=\box33
\mult@grightbox=\box34
\mult@gfirstbox=\box35
\mult@firstbox=\box36
\@tempa=\box37
\@tempa=\box38
\@tempa=\box39
\@tempa=\box40
\@tempa=\box41
\@tempa=\box42
\@tempa=\box43
\@tempa=\box44
\@tempa=\box45
\@tempa=\box46
\@tempa=\box47
\@tempa=\box48
\@tempa=\box49
\@tempa=\box50
\@tempa=\box51
\@tempa=\box52
\@tempa=\box53
\c@columnbadness=\count107
\c@finalcolumnbadness=\count108
\last@try=\dimen129
\multicolovershoot=\dimen130
\multicolundershoot=\dimen131
\mult@nat@firstbox=\box54
\colbreak@box=\box55
\multicol@sort@counter=\count109
)
(/usr/local/texlive/2013/texmf-dist/tex/latex/multirow/multirow.sty
\bigstrutjot=\dimen132
)
(/usr/local/texlive/2013/texmf-dist/tex/latex/base/textcomp.sty
Package: textcomp 2005/09/27 v1.99g Standard LaTeX package
Package textcomp Info: Sub-encoding information:
(textcomp)               5 = only ISO-Adobe without \textcurrency
(textcomp)               4 = 5 + \texteuro
(textcomp)               3 = 4 + \textohm
(textcomp)               2 = 3 + \textestimated + \textcurrency
(textcomp)               1 = TS1 - \textcircled - \t
(textcomp)               0 = TS1 (full)
(textcomp)             Font families with sub-encoding setting implement
(textcomp)             only a restricted character set as indicated.
(textcomp)             Family '?' is the default used for unknown fonts.
(textcomp)             See the documentation for details.
Package textcomp Info: Setting ? sub-encoding to TS1/1 on input line 71.

(/usr/local/texlive/2013/texmf-dist/tex/latex/base/ts1enc.def
File: ts1enc.def 2001/06/05 v3.0e (jk/car/fm) Standard LaTeX file
Now handling font encoding TS1 ...
... processing UTF-8 mapping file for font encoding TS1

(/usr/local/texlive/2013/texmf-dist/tex/latex/base/ts1enc.dfu
File: ts1enc.dfu 2008/04/05 v1.1m UTF-8 support for inputenc
   defining Unicode char U+00A2 (decimal 162)
   defining Unicode char U+00A3 (decimal 163)
   defining Unicode char U+00A4 (decimal 164)
   defining Unicode char U+00A5 (decimal 165)
   defining Unicode char U+00A6 (decimal 166)
   defining Unicode char U+00A7 (decimal 167)
   defining Unicode char U+00A8 (decimal 168)
   defining Unicode char U+00A9 (decimal 169)
   defining Unicode char U+00AA (decimal 170)
   defining Unicode char U+00AC (decimal 172)
   defining Unicode char U+00AE (decimal 174)
   defining Unicode char U+00AF (decimal 175)
   defining Unicode char U+00B0 (decimal 176)
   defining Unicode char U+00B1 (decimal 177)
   defining Unicode char U+00B2 (decimal 178)
   defining Unicode char U+00B3 (decimal 179)
   defining Unicode char U+00B4 (decimal 180)
   defining Unicode char U+00B5 (decimal 181)
   defining Unicode char U+00B6 (decimal 182)
   defining Unicode char U+00B7 (decimal 183)
   defining Unicode char U+00B9 (decimal 185)
   defining Unicode char U+00BA (decimal 186)
   defining Unicode char U+00BC (decimal 188)
   defining Unicode char U+00BD (decimal 189)
   defining Unicode char U+00BE (decimal 190)
   defining Unicode char U+00D7 (decimal 215)
   defining Unicode char U+00F7 (decimal 247)
   defining Unicode char U+0192 (decimal 402)
   defining Unicode char U+02C7 (decimal 711)
   defining Unicode char U+02D8 (decimal 728)
   defining Unicode char U+02DD (decimal 733)
   defining Unicode char U+0E3F (decimal 3647)
   defining Unicode char U+2016 (decimal 8214)
   defining Unicode char U+2020 (decimal 8224)
   defining Unicode char U+2021 (decimal 8225)
   defining Unicode char U+2022 (decimal 8226)
   defining Unicode char U+2030 (decimal 8240)
   defining Unicode char U+2031 (decimal 8241)
   defining Unicode char U+203B (decimal 8251)
   defining Unicode char U+203D (decimal 8253)
   defining Unicode char U+2044 (decimal 8260)
   defining Unicode char U+204E (decimal 8270)
   defining Unicode char U+2052 (decimal 8274)
   defining Unicode char U+20A1 (decimal 8353)
   defining Unicode char U+20A4 (decimal 8356)
   defining Unicode char U+20A6 (decimal 8358)
   defining Unicode char U+20A9 (decimal 8361)
   defining Unicode char U+20AB (decimal 8363)
   defining Unicode char U+20AC (decimal 8364)
   defining Unicode char U+20B1 (decimal 8369)
   defining Unicode char U+2103 (decimal 8451)
   defining Unicode char U+2116 (decimal 8470)
   defining Unicode char U+2117 (decimal 8471)
   defining Unicode char U+211E (decimal 8478)
   defining Unicode char U+2120 (decimal 8480)
   defining Unicode char U+2122 (decimal 8482)
   defining Unicode char U+2126 (decimal 8486)
   defining Unicode char U+2127 (decimal 8487)
   defining Unicode char U+212E (decimal 8494)
   defining Unicode char U+2190 (decimal 8592)
   defining Unicode char U+2191 (decimal 8593)
   defining Unicode char U+2192 (decimal 8594)
   defining Unicode char U+2193 (decimal 8595)
   defining Unicode char U+2329 (decimal 9001)
   defining Unicode char U+232A (decimal 9002)
   defining Unicode char U+2422 (decimal 9250)
   defining Unicode char U+25E6 (decimal 9702)
   defining Unicode char U+25EF (decimal 9711)
   defining Unicode char U+266A (decimal 9834)
))
LaTeX Info: Redefining \oldstylenums on input line 266.
Package textcomp Info: Setting cmr sub-encoding to TS1/0 on input line 281.
Package textcomp Info: Setting cmss sub-encoding to TS1/0 on input line 282.
Package textcomp Info: Setting cmtt sub-encoding to TS1/0 on input line 283.
Package textcomp Info: Setting cmvtt sub-encoding to TS1/0 on input line 284.
Package textcomp Info: Setting cmbr sub-encoding to TS1/0 on input line 285.
Package textcomp Info: Setting cmtl sub-encoding to TS1/0 on input line 286.
Package textcomp Info: Setting ccr sub-encoding to TS1/0 on input line 287.
Package textcomp Info: Setting ptm sub-encoding to TS1/4 on input line 288.
Package textcomp Info: Setting pcr sub-encoding to TS1/4 on input line 289.
Package textcomp Info: Setting phv sub-encoding to TS1/4 on input line 290.
Package textcomp Info: Setting ppl sub-encoding to TS1/3 on input line 291.
Package textcomp Info: Setting pag sub-encoding to TS1/4 on input line 292.
Package textcomp Info: Setting pbk sub-encoding to TS1/4 on input line 293.
Package textcomp Info: Setting pnc sub-encoding to TS1/4 on input line 294.
Package textcomp Info: Setting pzc sub-encoding to TS1/4 on input line 295.
Package textcomp Info: Setting bch sub-encoding to TS1/4 on input line 296.
Package textcomp Info: Setting put sub-encoding to TS1/5 on input line 297.
Package textcomp Info: Setting uag sub-encoding to TS1/5 on input line 298.
Package textcomp Info: Setting ugq sub-encoding to TS1/5 on input line 299.
Package textcomp Info: Setting ul8 sub-encoding to TS1/4 on input line 300.
Package textcomp Info: Setting ul9 sub-encoding to TS1/4 on input line 301.
Package textcomp Info: Setting augie sub-encoding to TS1/5 on input line 302.
Package textcomp Info: Setting dayrom sub-encoding to TS1/3 on input line 303.
Package textcomp Info: Setting dayroms sub-encoding to TS1/3 on input line 304.

Package textcomp Info: Setting pxr sub-encoding to TS1/0 on input line 305.
Package textcomp Info: Setting pxss sub-encoding to TS1/0 on input line 306.
Package textcomp Info: Setting pxtt sub-encoding to TS1/0 on input line 307.
Package textcomp Info: Setting txr sub-encoding to TS1/0 on input line 308.
Package textcomp Info: Setting txss sub-encoding to TS1/0 on input line 309.
Package textcomp Info: Setting txtt sub-encoding to TS1/0 on input line 310.
Package textcomp Info: Setting lmr sub-encoding to TS1/0 on input line 311.
Package textcomp Info: Setting lmdh sub-encoding to TS1/0 on input line 312.
Package textcomp Info: Setting lmss sub-encoding to TS1/0 on input line 313.
Package textcomp Info: Setting lmssq sub-encoding to TS1/0 on input line 314.
Package textcomp Info: Setting lmvtt sub-encoding to TS1/0 on input line 315.
Package textcomp Info: Setting qhv sub-encoding to TS1/0 on input line 316.
Package textcomp Info: Setting qag sub-encoding to TS1/0 on input line 317.
Package textcomp Info: Setting qbk sub-encoding to TS1/0 on input line 318.
Package textcomp Info: Setting qcr sub-encoding to TS1/0 on input line 319.
Package textcomp Info: Setting qcs sub-encoding to TS1/0 on input line 320.
Package textcomp Info: Setting qpl sub-encoding to TS1/0 on input line 321.
Package textcomp Info: Setting qtm sub-encoding to TS1/0 on input line 322.
Package textcomp Info: Setting qzc sub-encoding to TS1/0 on input line 323.
Package textcomp Info: Setting qhvc sub-encoding to TS1/0 on input line 324.
Package textcomp Info: Setting futs sub-encoding to TS1/4 on input line 325.
Package textcomp Info: Setting futx sub-encoding to TS1/4 on input line 326.
Package textcomp Info: Setting futj sub-encoding to TS1/4 on input line 327.
Package textcomp Info: Setting hlh sub-encoding to TS1/3 on input line 328.
Package textcomp Info: Setting hls sub-encoding to TS1/3 on input line 329.
Package textcomp Info: Setting hlst sub-encoding to TS1/3 on input line 330.
Package textcomp Info: Setting hlct sub-encoding to TS1/5 on input line 331.
Package textcomp Info: Setting hlx sub-encoding to TS1/5 on input line 332.
Package textcomp Info: Setting hlce sub-encoding to TS1/5 on input line 333.
Package textcomp Info: Setting hlcn sub-encoding to TS1/5 on input line 334.
Package textcomp Info: Setting hlcw sub-encoding to TS1/5 on input line 335.
Package textcomp Info: Setting hlcf sub-encoding to TS1/5 on input line 336.
Package textcomp Info: Setting pplx sub-encoding to TS1/3 on input line 337.
Package textcomp Info: Setting pplj sub-encoding to TS1/3 on input line 338.
Package textcomp Info: Setting ptmx sub-encoding to TS1/4 on input line 339.
Package textcomp Info: Setting ptmj sub-encoding to TS1/4 on input line 340.
)
(/usr/local/texlive/2013/texmf-dist/tex/latex/wasysym/wasysym.sty
Package: wasysym 2003/10/30 v2.0 Wasy-2 symbol support package
\symwasy=\mathgroup4
LaTeX Font Info:    Overwriting symbol font `wasy' in version `bold'
(Font)                  U/wasy/m/n --> U/wasy/b/n on input line 90.
)
(/usr/local/texlive/2013/texmf-dist/tex/latex/base/fontenc.sty
Package: fontenc 2005/09/27 v1.99g Standard LaTeX package

(/usr/local/texlive/2013/texmf-dist/tex/latex/base/t1enc.def
File: t1enc.def 2005/09/27 v1.99g Standard LaTeX file
LaTeX Font Info:    Redeclaring font encoding T1 on input line 43.
))
(/usr/local/texlive/2013/texmf-dist/tex/latex/psnfss/mathptmx.sty
Package: mathptmx 2005/04/12 PSNFSS-v9.2a Times w/ Math, improved (SPQR, WaS) 
LaTeX Font Info:    Redeclaring symbol font `operators' on input line 28.
LaTeX Font Info:    Overwriting symbol font `operators' in version `normal'
(Font)                  OT1/cmr/m/n --> OT1/ztmcm/m/n on input line 28.
LaTeX Font Info:    Overwriting symbol font `operators' in version `bold'
(Font)                  OT1/cmr/bx/n --> OT1/ztmcm/m/n on input line 28.
LaTeX Font Info:    Redeclaring symbol font `letters' on input line 29.
LaTeX Font Info:    Overwriting symbol font `letters' in version `normal'
(Font)                  OML/cmm/m/it --> OML/ztmcm/m/it on input line 29.
LaTeX Font Info:    Overwriting symbol font `letters' in version `bold'
(Font)                  OML/cmm/b/it --> OML/ztmcm/m/it on input line 29.
LaTeX Font Info:    Redeclaring symbol font `symbols' on input line 30.
LaTeX Font Info:    Overwriting symbol font `symbols' in version `normal'
(Font)                  OMS/cmsy/m/n --> OMS/ztmcm/m/n on input line 30.
LaTeX Font Info:    Overwriting symbol font `symbols' in version `bold'
(Font)                  OMS/cmsy/b/n --> OMS/ztmcm/m/n on input line 30.
LaTeX Font Info:    Redeclaring symbol font `largesymbols' on input line 31.
LaTeX Font Info:    Overwriting symbol font `largesymbols' in version `normal'
(Font)                  OMX/cmex/m/n --> OMX/ztmcm/m/n on input line 31.
LaTeX Font Info:    Overwriting symbol font `largesymbols' in version `bold'
(Font)                  OMX/cmex/m/n --> OMX/ztmcm/m/n on input line 31.
\symbold=\mathgroup5
\symitalic=\mathgroup6
LaTeX Font Info:    Redeclaring math alphabet \mathbf on input line 34.
LaTeX Font Info:    Overwriting math alphabet `\mathbf' in version `normal'
(Font)                  OT1/cmr/bx/n --> OT1/ptm/bx/n on input line 34.
LaTeX Font Info:    Overwriting math alphabet `\mathbf' in version `bold'
(Font)                  OT1/cmr/bx/n --> OT1/ptm/bx/n on input line 34.
LaTeX Font Info:    Redeclaring math alphabet \mathit on input line 35.
LaTeX Font Info:    Overwriting math alphabet `\mathit' in version `normal'
(Font)                  OT1/cmr/m/it --> OT1/ptm/m/it on input line 35.
LaTeX Font Info:    Overwriting math alphabet `\mathit' in version `bold'
(Font)                  OT1/cmr/bx/it --> OT1/ptm/m/it on input line 35.
LaTeX Info: Redefining \hbar on input line 50.
)
(/usr/local/texlive/2013/texmf-dist/tex/latex/psnfss/helvet.sty
Package: helvet 2005/04/12 PSNFSS-v9.2a (WaS) 
)
(/usr/local/texlive/2013/texmf-dist/tex/latex/psnfss/courier.sty
Package: courier 2005/04/12 PSNFSS-v9.2a (WaS) 
)
(/usr/local/texlive/2013/texmf-dist/tex/latex/amsfonts/amssymb.sty
Package: amssymb 2013/01/14 v3.01 AMS font symbols

(/usr/local/texlive/2013/texmf-dist/tex/latex/amsfonts/amsfonts.sty
Package: amsfonts 2013/01/14 v3.01 Basic AMSFonts support
\@emptytoks=\toks23
\symAMSa=\mathgroup7
\symAMSb=\mathgroup8
LaTeX Font Info:    Overwriting math alphabet `\mathfrak' in version `bold'
(Font)                  U/euf/m/n --> U/euf/b/n on input line 106.
))
(/usr/local/texlive/2013/texmf-dist/tex/latex/sectsty/sectsty.sty
Package: sectsty 2002/02/25 v2.0.2 Commands to change all sectional heading sty
les
)
(/usr/local/texlive/2013/texmf-dist/tex/latex/geometry/geometry.sty
Package: geometry 2010/09/12 v5.6 Page Geometry

(/usr/local/texlive/2013/texmf-dist/tex/generic/oberdiek/ifpdf.sty
Package: ifpdf 2011/01/30 v2.3 Provides the ifpdf switch (HO)
Package ifpdf Info: pdfTeX in PDF mode is detected.
)
(/usr/local/texlive/2013/texmf-dist/tex/generic/oberdiek/ifvtex.sty
Package: ifvtex 2010/03/01 v1.5 Detect VTeX and its facilities (HO)
Package ifvtex Info: VTeX not detected.
)
(/usr/local/texlive/2013/texmf-dist/tex/generic/ifxetex/ifxetex.sty
Package: ifxetex 2010/09/12 v0.6 Provides ifxetex conditional
)
\Gm@cnth=\count110
\Gm@cntv=\count111
\c@Gm@tempcnt=\count112
\Gm@bindingoffset=\dimen133
\Gm@wd@mp=\dimen134
\Gm@odd@mp=\dimen135
\Gm@even@mp=\dimen136
\Gm@layoutwidth=\dimen137
\Gm@layoutheight=\dimen138
\Gm@layouthoffset=\dimen139
\Gm@layoutvoffset=\dimen140
\Gm@dimlist=\toks24
)
(/usr/local/texlive/2013/texmf-dist/tex/latex/fancyhdr/fancyhdr.sty
\fancy@headwidth=\skip56
\f@ncyO@elh=\skip57
\f@ncyO@erh=\skip58
\f@ncyO@olh=\skip59
\f@ncyO@orh=\skip60
\f@ncyO@elf=\skip61
\f@ncyO@erf=\skip62
\f@ncyO@olf=\skip63
\f@ncyO@orf=\skip64
)
(/usr/local/texlive/2013/texmf-dist/tex/latex/natbib/natbib.sty
Package: natbib 2010/09/13 8.31b (PWD, AO)
\bibhang=\skip65
\bibsep=\skip66
LaTeX Info: Redefining \cite on input line 694.
\c@NAT@ctr=\count113
)
(/usr/local/texlive/2013/texmf-dist/tex/latex/tocloft/tocloft.sty
Package: tocloft 2013/05/02 v2.3f parameterised ToC, etc., typesetting
Package tocloft Info: The document has chapter divisions on input line 44.
\cftparskip=\skip67
\cftbeforetoctitleskip=\skip68
\cftaftertoctitleskip=\skip69
\cftbeforepartskip=\skip70
\cftpartnumwidth=\skip71
\cftpartindent=\skip72
\cftbeforechapskip=\skip73
\cftchapindent=\skip74
\cftchapnumwidth=\skip75
\cftbeforesecskip=\skip76
\cftsecindent=\skip77
\cftsecnumwidth=\skip78
\cftbeforesubsecskip=\skip79
\cftsubsecindent=\skip80
\cftsubsecnumwidth=\skip81
\cftbeforesubsubsecskip=\skip82
\cftsubsubsecindent=\skip83
\cftsubsubsecnumwidth=\skip84
\cftbeforeparaskip=\skip85
\cftparaindent=\skip86
\cftparanumwidth=\skip87
\cftbeforesubparaskip=\skip88
\cftsubparaindent=\skip89
\cftsubparanumwidth=\skip90
\cftbeforeloftitleskip=\skip91
\cftafterloftitleskip=\skip92
\cftbeforefigskip=\skip93
\cftfigindent=\skip94
\cftfignumwidth=\skip95
\c@lofdepth=\count114
\c@lotdepth=\count115
\cftbeforelottitleskip=\skip96
\cftafterlottitleskip=\skip97
\cftbeforetabskip=\skip98
\cfttabindent=\skip99
\cfttabnumwidth=\skip100
)
\@indexfile=\write3
\openout3 = `refman.idx'.


Writing index file refman.idx
(/usr/local/texlive/2013/texmf-dist/tex/latex/hyperref/hyperref.sty
Package: hyperref 2012/11/06 v6.83m Hypertext links for LaTeX

(/usr/local/texlive/2013/texmf-dist/tex/generic/oberdiek/hobsub-hyperref.sty
Package: hobsub-hyperref 2012/05/28 v1.13 Bundle oberdiek, subset hyperref (HO)


(/usr/local/texlive/2013/texmf-dist/tex/generic/oberdiek/hobsub-generic.sty
Package: hobsub-generic 2012/05/28 v1.13 Bundle oberdiek, subset generic (HO)
Package: hobsub 2012/05/28 v1.13 Construct package bundles (HO)
Package hobsub Info: Skipping package `infwarerr' (already loaded).
Package hobsub Info: Skipping package `ltxcmds' (already loaded).
Package: ifluatex 2010/03/01 v1.3 Provides the ifluatex switch (HO)
Package ifluatex Info: LuaTeX not detected.
Package hobsub Info: Skipping package `ifvtex' (already loaded).
Package: intcalc 2007/09/27 v1.1 Expandable calculations with integers (HO)
Package hobsub Info: Skipping package `ifpdf' (already loaded).
Package: etexcmds 2011/02/16 v1.5 Avoid name clashes with e-TeX commands (HO)
Package etexcmds Info: Could not find \expanded.
(etexcmds)             That can mean that you are not using pdfTeX 1.50 or
(etexcmds)             that some package has redefined \expanded.
(etexcmds)             In the latter case, load this package earlier.
Package: kvsetkeys 2012/04/25 v1.16 Key value parser (HO)
Package: kvdefinekeys 2011/04/07 v1.3 Define keys (HO)
Package: pdftexcmds 2011/11/29 v0.20 Utility functions of pdfTeX for LuaTeX (HO
)
Package pdftexcmds Info: LuaTeX not detected.
Package pdftexcmds Info: \pdf@primitive is available.
Package pdftexcmds Info: \pdf@ifprimitive is available.
Package pdftexcmds Info: \pdfdraftmode found.
Package: pdfescape 2011/11/25 v1.13 Implements pdfTeX's escape features (HO)
Package: bigintcalc 2012/04/08 v1.3 Expandable calculations on big integers (HO
)
Package: bitset 2011/01/30 v1.1 Handle bit-vector datatype (HO)
Package: uniquecounter 2011/01/30 v1.2 Provide unlimited unique counter (HO)
)
Package hobsub Info: Skipping package `hobsub' (already loaded).
Package: letltxmacro 2010/09/02 v1.4 Let assignment for LaTeX macros (HO)
Package: hopatch 2012/05/28 v1.2 Wrapper for package hooks (HO)
Package: xcolor-patch 2011/01/30 xcolor patch
Package: atveryend 2011/06/30 v1.8 Hooks at the very end of document (HO)
Package atveryend Info: \enddocument detected (standard20110627).
Package: atbegshi 2011/10/05 v1.16 At begin shipout hook (HO)
Package: refcount 2011/10/16 v3.4 Data extraction from label references (HO)
Package: hycolor 2011/01/30 v1.7 Color options for hyperref/bookmark (HO)
)
(/usr/local/texlive/2013/texmf-dist/tex/latex/oberdiek/auxhook.sty
Package: auxhook 2011/03/04 v1.3 Hooks for auxiliary files (HO)
)
(/usr/local/texlive/2013/texmf-dist/tex/latex/oberdiek/kvoptions.sty
Package: kvoptions 2011/06/30 v3.11 Key value format for package options (HO)
)
\@linkdim=\dimen141
\Hy@linkcounter=\count116
\Hy@pagecounter=\count117

(/usr/local/texlive/2013/texmf-dist/tex/latex/hyperref/pd1enc.def
File: pd1enc.def 2012/11/06 v6.83m Hyperref: PDFDocEncoding definition (HO)
Now handling font encoding PD1 ...
... no UTF-8 mapping file for font encoding PD1
)
\Hy@SavedSpaceFactor=\count118

(/usr/local/texlive/2013/texmf-dist/tex/latex/latexconfig/hyperref.cfg
File: hyperref.cfg 2002/06/06 v1.2 hyperref configuration of TeXLive
)
Package hyperref Info: Hyper figures OFF on input line 4443.
Package hyperref Info: Link nesting OFF on input line 4448.
Package hyperref Info: Hyper index ON on input line 4451.
Package hyperref Info: Plain pages OFF on input line 4458.
Package hyperref Info: Backreferencing ON on input line 4461.
Package hyperref Info: Implicit mode ON; LaTeX internals redefined.
Package hyperref Info: Bookmarks ON on input line 4688.

(/usr/local/texlive/2013/texmf-dist/tex/latex/hyperref/backref.sty
Package: backref 2012/07/25 v1.38 Bibliographical back referencing

(/usr/local/texlive/2013/texmf-dist/tex/latex/oberdiek/rerunfilecheck.sty
Package: rerunfilecheck 2011/04/15 v1.7 Rerun checks for auxiliary files (HO)
Package uniquecounter Info: New unique counter `rerunfilecheck' on input line 2
82.
))
\c@Hy@tempcnt=\count119

(/usr/local/texlive/2013/texmf-dist/tex/latex/url/url.sty
\Urlmuskip=\muskip10
Package: url 2006/04/12  ver 3.3  Verb mode for urls, etc.
)
LaTeX Info: Redefining \url on input line 5041.
\XeTeXLinkMargin=\dimen142
\Fld@menulength=\count120
\Field@Width=\dimen143
\Fld@charsize=\dimen144
Package hyperref Info: Hyper figures OFF on input line 6295.
Package hyperref Info: Link nesting OFF on input line 6300.
Package hyperref Info: Hyper index ON on input line 6303.
Package hyperref Info: backreferencing ON on input line 6308.
Package hyperref Info: Link coloring OFF on input line 6315.
Package hyperref Info: Link coloring with OCG OFF on input line 6320.
Package hyperref Info: PDF/A mode OFF on input line 6325.
LaTeX Info: Redefining \ref on input line 6365.
LaTeX Info: Redefining \pageref on input line 6369.
\Hy@abspage=\count121
\c@Item=\count122
\c@Hfootnote=\count123
)

Package hyperref Message: Driver: hpdftex.

(/usr/local/texlive/2013/texmf-dist/tex/latex/hyperref/hpdftex.def
File: hpdftex.def 2012/11/06 v6.83m Hyperref driver for pdfTeX
\Fld@listcount=\count124
\c@bookmark@seq@number=\count125
\Hy@SectionHShift=\skip101
)
Package hyperref Info: Option `colorlinks' set `true' on input line 105.
Package hyperref Info: Option `unicode' set `true' on input line 105.

(/usr/local/texlive/2013/texmf-dist/tex/latex/hyperref/puenc.def
File: puenc.def 2012/11/06 v6.83m Hyperref: PDF Unicode definition (HO)
Now handling font encoding PU ...
... no UTF-8 mapping file for font encoding PU
) (./refman.aux)
\openout1 = `refman.aux'.

LaTeX Font Info:    Checking defaults for OML/cmm/m/it on input line 115.
LaTeX Font Info:    ... okay on input line 115.
LaTeX Font Info:    Checking defaults for T1/cmr/m/n on input line 115.
LaTeX Font Info:    ... okay on input line 115.
LaTeX Font Info:    Checking defaults for OT1/cmr/m/n on input line 115.
LaTeX Font Info:    ... okay on input line 115.
LaTeX Font Info:    Checking defaults for OMS/cmsy/m/n on input line 115.
LaTeX Font Info:    ... okay on input line 115.
LaTeX Font Info:    Checking defaults for OMX/cmex/m/n on input line 115.
LaTeX Font Info:    ... okay on input line 115.
LaTeX Font Info:    Checking defaults for U/cmr/m/n on input line 115.
LaTeX Font Info:    ... okay on input line 115.
LaTeX Font Info:    Checking defaults for TS1/cmr/m/n on input line 115.
LaTeX Font Info:    Try loading font information for TS1+cmr on input line 115.

 (/usr/local/texlive/2013/texmf-dist/tex/latex/base/ts1cmr.fd
File: ts1cmr.fd 1999/05/25 v2.5h Standard LaTeX font definitions
)
LaTeX Font Info:    ... okay on input line 115.
LaTeX Font Info:    Checking defaults for PD1/pdf/m/n on input line 115.
LaTeX Font Info:    ... okay on input line 115.
LaTeX Font Info:    Checking defaults for PU/pdf/m/n on input line 115.
LaTeX Font Info:    ... okay on input line 115.
LaTeX Font Info:    Try loading font information for T1+phv on input line 115.

(/usr/local/texlive/2013/texmf-dist/tex/latex/psnfss/t1phv.fd
File: t1phv.fd 2001/06/04 scalable font definitions for T1/phv.
)
LaTeX Font Info:    Font shape `T1/phv/m/n' will be
(Font)              scaled to size 8.99994pt on input line 115.

(/usr/local/texlive/2013/texmf-dist/tex/context/base/supp-pdf.mkii
[Loading MPS to PDF converter (version 2006.09.02).]
\scratchcounter=\count126
\scratchdimen=\dimen145
\scratchbox=\box56
\nofMPsegments=\count127
\nofMParguments=\count128
\everyMPshowfont=\toks25
\MPscratchCnt=\count129
\MPscratchDim=\dimen146
\MPnumerator=\count130
\makeMPintoPDFobject=\count131
\everyMPtoPDFconversion=\toks26
) (/usr/local/texlive/2013/texmf-dist/tex/latex/oberdiek/epstopdf-base.sty
Package: epstopdf-base 2010/02/09 v2.5 Base part for package epstopdf

(/usr/local/texlive/2013/texmf-dist/tex/latex/oberdiek/grfext.sty
Package: grfext 2010/08/19 v1.1 Manage graphics extensions (HO)
)
Package grfext Info: Graphics extension search list:
(grfext)             [.png,.pdf,.jpg,.mps,.jpeg,.jbig2,.jb2,.PNG,.PDF,.JPG,.JPE
G,.JBIG2,.JB2,.eps]
(grfext)             \AppendGraphicsExtensions on input line 452.

(/usr/local/texlive/2013/texmf-dist/tex/latex/latexconfig/epstopdf-sys.cfg
File: epstopdf-sys.cfg 2010/07/13 v1.3 Configuration of (r)epstopdf for TeX Liv
e
))
\big@size=\dimen147

*geometry* driver: auto-detecting
*geometry* detected driver: pdftex
*geometry* verbose mode - [ preamble ] result:
* driver: pdftex
* paper: a4paper
* layout: <same size as paper>
* layoutoffset:(h,v)=(0.0pt,0.0pt)
* modes: twoside 
* h-part:(L,W,R)=(71.13188pt, 455.24411pt, 71.13188pt)
* v-part:(T,H,B)=(71.13188pt, 702.78308pt, 71.13188pt)
* \paperwidth=597.50787pt
* \paperheight=845.04684pt
* \textwidth=455.24411pt
* \textheight=702.78308pt
* \oddsidemargin=-1.1381pt
* \evensidemargin=-1.1381pt
* \topmargin=-31.2056pt
* \headheight=12.0pt
* \headsep=18.06749pt
* \topskip=10.0pt
* \footskip=25.29494pt
* \marginparwidth=125.0pt
* \marginparsep=7.0pt
* \columnsep=10.0pt
* \skip\footins=9.0pt plus 4.0pt minus 2.0pt
* \hoffset=0.0pt
* \voffset=0.0pt
* \mag=1000
* \@twocolumnfalse
* \@twosidetrue
* \@mparswitchtrue
* \@reversemarginfalse
* (1in=72.27pt=25.4mm, 1cm=28.453pt)

\AtBeginShipoutBox=\box57
Package backref Info: ** backref set up for natbib ** on input line 115.
Package hyperref Info: Link coloring ON on input line 115.
(/usr/local/texlive/2013/texmf-dist/tex/latex/hyperref/nameref.sty
Package: nameref 2012/10/27 v2.43 Cross-referencing by name of section

(/usr/local/texlive/2013/texmf-dist/tex/generic/oberdiek/gettitlestring.sty
Package: gettitlestring 2010/12/03 v1.4 Cleanup title references (HO)
)
\c@section@level=\count132
)
LaTeX Info: Redefining \ref on input line 115.
LaTeX Info: Redefining \pageref on input line 115.
LaTeX Info: Redefining \nameref on input line 115.

(./refman.out) (./refman.out)
\@outlinefile=\write4
\openout4 = `refman.out'.

Package hyperref Info: Option `pageanchor' set `false' on input line 122.


Package hyperref Warning: Option `bookmarks' has already been used,
(hyperref)                setting the option has no effect on input line 122.

Package hyperref Info: Option `bookmarksnumbered' set `true' on input line 122.

Package hyperref Info: Option `unicode' set `true' on input line 122.
LaTeX Font Info:    Font shape `T1/phv/m/n' will be
(Font)              scaled to size 12.9599pt on input line 127.
LaTeX Font Info:    Font shape `T1/phv/m/n' will be
(Font)              scaled to size 6.29996pt on input line 127.
LaTeX Font Info:    Try loading font information for OT1+ztmcm on input line 12
7.
(/usr/local/texlive/2013/texmf-dist/tex/latex/psnfss/ot1ztmcm.fd
File: ot1ztmcm.fd 2000/01/03 Fontinst v1.801 font definitions for OT1/ztmcm.
)
LaTeX Font Info:    Try loading font information for OML+ztmcm on input line 12
7.

(/usr/local/texlive/2013/texmf-dist/tex/latex/psnfss/omlztmcm.fd
File: omlztmcm.fd 2000/01/03 Fontinst v1.801 font definitions for OML/ztmcm.
)
LaTeX Font Info:    Try loading font information for OMS+ztmcm on input line 12
7.

(/usr/local/texlive/2013/texmf-dist/tex/latex/psnfss/omsztmcm.fd
File: omsztmcm.fd 2000/01/03 Fontinst v1.801 font definitions for OMS/ztmcm.
)
LaTeX Font Info:    Try loading font information for OMX+ztmcm on input line 12
7.

(/usr/local/texlive/2013/texmf-dist/tex/latex/psnfss/omxztmcm.fd
File: omxztmcm.fd 2000/01/03 Fontinst v1.801 font definitions for OMX/ztmcm.
)
LaTeX Font Info:    Try loading font information for U+wasy on input line 127.

(/usr/local/texlive/2013/texmf-dist/tex/latex/wasysym/uwasy.fd
File: uwasy.fd 2003/10/30 v2.0 Wasy-2 symbol font definitions
)
LaTeX Font Info:    Try loading font information for OT1+ptm on input line 127.


(/usr/local/texlive/2013/texmf-dist/tex/latex/psnfss/ot1ptm.fd
File: ot1ptm.fd 2001/06/04 font definitions for OT1/ptm.
)
LaTeX Font Info:    Font shape `OT1/ptm/bx/n' in size <7> not available
(Font)              Font shape `OT1/ptm/b/n' tried instead on input line 127.
LaTeX Font Info:    Font shape `OT1/ptm/bx/n' in size <5> not available
(Font)              Font shape `OT1/ptm/b/n' tried instead on input line 127.
LaTeX Font Info:    Font shape `T1/phv/m/n' will be
(Font)              scaled to size 10.79993pt on input line 129.
LaTeX Font Info:    Font shape `T1/phv/m/n' will be
(Font)              scaled to size 8.09995pt on input line 131.
 [1


{/usr/local/texlive/2013/texmf-var/fonts/map/pdftex/updmap/pdftex.map}] [2

]
LaTeX Font Info:    Font shape `T1/phv/m/n' will be
(Font)              scaled to size 22.39185pt on input line 135.
LaTeX Font Info:    Font shape `T1/phv/bx/n' in size <24.88> not available
(Font)              Font shape `T1/phv/b/n' tried instead on input line 135.
LaTeX Font Info:    Font shape `T1/phv/b/n' will be
(Font)              scaled to size 22.39185pt on input line 135.
LaTeX Font Info:    Font shape `T1/phv/bc/n' will be
(Font)              scaled to size 22.39185pt on input line 135.
 (./refman.toc
LaTeX Font Info:    Font shape `T1/phv/bx/n' in size <10> not available
(Font)              Font shape `T1/phv/b/n' tried instead on input line 1.
LaTeX Font Info:    Font shape `T1/phv/b/n' will be
(Font)              scaled to size 8.99994pt on input line 1.
LaTeX Font Info:    Font shape `OT1/ptm/bx/n' in size <10> not available
(Font)              Font shape `OT1/ptm/b/n' tried instead on input line 1.
LaTeX Font Info:    Font shape `OT1/ptm/bx/n' in size <7.4> not available
(Font)              Font shape `OT1/ptm/b/n' tried instead on input line 1.
LaTeX Font Info:    Font shape `OT1/ptm/bx/n' in size <6> not available
(Font)              Font shape `OT1/ptm/b/n' tried instead on input line 1.

[3

]
LaTeX Font Info:    Font shape `T1/phv/bx/n' in size <7> not available
(Font)              Font shape `T1/phv/b/n' tried instead on input line 71.
LaTeX Font Info:    Font shape `T1/phv/b/n' will be
(Font)              scaled to size 6.29996pt on input line 71.
 [4] [5] [6] [7] [8] [9] [10] [11] [12] [13] [14] [15] [16] [17] [18]
[19])
\tf@toc=\write5
\openout5 = `refman.toc'.

 [20]
Package hyperref Info: Option `pageanchor' set `true' on input line 138.

Chapter 1.
LaTeX Font Info:    Font shape `T1/phv/m/n' will be
(Font)              scaled to size 18.66588pt on input line 141.
LaTeX Font Info:    Font shape `T1/phv/bx/n' in size <20.74> not available
(Font)              Font shape `T1/phv/b/n' tried instead on input line 141.
LaTeX Font Info:    Font shape `T1/phv/b/n' will be
(Font)              scaled to size 18.66588pt on input line 141.
LaTeX Font Info:    Font shape `T1/phv/bc/n' will be
(Font)              scaled to size 18.66588pt on input line 141.
(./namespaces.tex
LaTeX Font Info:    Font shape `T1/phv/bx/n' in size <14.4> not available
(Font)              Font shape `T1/phv/b/n' tried instead on input line 1.
LaTeX Font Info:    Font shape `T1/phv/b/n' will be
(Font)              scaled to size 12.9599pt on input line 1.
LaTeX Font Info:    Font shape `T1/phv/bc/n' will be
(Font)              scaled to size 12.9599pt on input line 1.
 [1


]) [2]
Chapter 2.
(./hierarchy.tex) [3

] [4

]
Chapter 3.
(./annotated.tex) [5] [6

]
Chapter 4.
(./files.tex [7]) [8]
Chapter 5.
(./namespace_d_f_t___k_i_t.tex
LaTeX Font Info:    Font shape `T1/phv/bc/n' will be
(Font)              scaled to size 6.29996pt on input line 3.
LaTeX Font Info:    Font shape `T1/phv/bx/n' in size <12> not available
(Font)              Font shape `T1/phv/b/n' tried instead on input line 4.
LaTeX Font Info:    Font shape `T1/phv/b/n' will be
(Font)              scaled to size 10.79993pt on input line 4.
LaTeX Font Info:    Font shape `T1/phv/bc/n' will be
(Font)              scaled to size 10.79993pt on input line 4.
LaTeX Font Info:    Try loading font information for TS1+phv on input line 7.

(/usr/local/texlive/2013/texmf-dist/tex/latex/psnfss/ts1phv.fd
File: ts1phv.fd 2001/06/04 scalable font definitions for TS1/phv.
)
LaTeX Font Info:    Font shape `TS1/phv/m/n' will be
(Font)              scaled to size 8.99994pt on input line 7.
)
(./namespace_d_f_t___k_i_t_1_1apps.tex)
(./namespace_d_f_t___k_i_t_1_1apps_1_1bismuth__antimony.tex
Underfull \hbox (badness 10000) in paragraph at lines 35--37
[]\T1/phv/m/n/10 tuple [][]Bi[]_[]exp[][] = element.[]element('Bi',208.[]9804,8
3,5,vasp[]_[]pot='Bi',qes[]_[]pot='Bi.[]U[]P[]F',rhom[]_[]length=4.[]
 []

[9

]
LaTeX Font Info:    Font shape `T1/phv/bc/n' will be
(Font)              scaled to size 8.99994pt on input line 62.
 [10] [11]) (./namespace_d_f_t___k_i_t_1_1apps_1_1crystal__structure.tex)
(./namespace_d_f_t___k_i_t_1_1apps_1_1dft__cmdtool.tex [12])
(./namespace_d_f_t___k_i_t_1_1apps_1_1slab__surface__rhom.tex)
(./namespace_d_f_t___k_i_t_1_1apps_1_1wire__rhom.tex)
(./namespace_d_f_t___k_i_t_1_1calculator.tex [13])
(./namespace_d_f_t___k_i_t_1_1calculator_1_1_q_e_s_p_r_e_s_s_o.tex
Underfull \hbox (badness 1152) in paragraph at lines 14--16
\T1/phv/m/n/10 J0 Hubbard[]_[]alpha Hubbard[]_[]beta Hubbard[]_[][]J(i,ityp) st
arting[]_[]ns[]_[]eigenvalue(m,ispin,I) U[]_[]projection[]_[]type
 []

[14]) (./namespace_d_f_t___k_i_t_1_1calculator_1_1script.tex
LaTeX Font Info:    Try loading font information for T1+pcr on input line 23.

(/usr/local/texlive/2013/texmf-dist/tex/latex/psnfss/t1pcr.fd
File: t1pcr.fd 2001/06/04 font definitions for T1/pcr.
) [15])
(./namespace_d_f_t___k_i_t_1_1calculator_1_1_s_i_e_s_t_a.tex)
(./namespace_d_f_t___k_i_t_1_1calculator_1_1_v_a_s_p.tex [16])
(./namespace_d_f_t___k_i_t_1_1calculator_1_1_wannier90.tex
Overfull \hbox (15.15555pt too wide) in paragraph at lines 25--26
[]      \T1/pcr/m/n/7 write_vdw_data'[],[]'write_hr_diag'[],[]'dis_win_min'[],[
]'dis_win_max'[],[]'dis_froz_min'[],[]'dis_froz_max'[],[]'dis_num_iter'[],[]'[]
 
 []


Overfull \hbox (57.15552pt too wide) in paragraph at lines 31--32
[]      \T1/pcr/m/n/7 wannier_plot_supercell'[],[]'wannier_plot_format'[],[]'wa
nnier_plot_mode'[],[]'wannier_plot_radius'[],[]'bands_plot'[],[]'kpoint_path'[]
,[]'[] 
 []


Overfull \hbox (31.95554pt too wide) in paragraph at lines 34--35
[]      \T1/pcr/m/n/7 fermi_energy'[],[]'fermi_energy_min'[],[]'fermi_energy_ma
x'[],[]'fermi_energy_step'[],[]'fermi_surface_plot_format'[],[]'hr_plot'[],[][]
 
 []

) (./namespace_d_f_t___k_i_t_1_1core.tex [17])
(./namespace_d_f_t___k_i_t_1_1core_1_1atom.tex)
(./namespace_d_f_t___k_i_t_1_1core_1_1calculator.tex)
(./namespace_d_f_t___k_i_t_1_1core_1_1crystal__3_d.tex
LaTeX Font Info:    Font shape `T1/phv/m/it' in size <9> not available
(Font)              Font shape `T1/phv/m/sl' tried instead on input line 10.
LaTeX Font Info:    Font shape `T1/phv/m/sl' will be
(Font)              scaled to size 8.09995pt on input line 10.
LaTeX Font Info:    Font shape `T1/phv/m/it' in size <7> not available
(Font)              Font shape `T1/phv/m/sl' tried instead on input line 10.
LaTeX Font Info:    Font shape `T1/phv/m/sl' will be
(Font)              scaled to size 6.29996pt on input line 10.
)
(./namespace_d_f_t___k_i_t_1_1core_1_1element.tex [18]
LaTeX Font Info:    Font shape `T1/phv/bc/it' in size <10> not available
(Font)              Font shape `T1/phv/bc/sl' tried instead on input line 40.
LaTeX Font Info:    Font shape `T1/phv/bc/sl' will be
(Font)              scaled to size 8.99994pt on input line 40.
LaTeX Font Info:    Font shape `T1/phv/bc/it' in size <7> not available
(Font)              Font shape `T1/phv/bc/sl' tried instead on input line 51.
LaTeX Font Info:    Font shape `T1/phv/bc/sl' will be
(Font)              scaled to size 6.29996pt on input line 51.
)
(./namespace_d_f_t___k_i_t_1_1core_1_1env__parm.tex [19] [20])
(./namespace_d_f_t___k_i_t_1_1core_1_1env__parm__odyssey.tex [21])
(./namespace_d_f_t___k_i_t_1_1core_1_1general__tool.tex [22] [23])
(./namespace_d_f_t___k_i_t_1_1core_1_1job.tex)
(./namespace_d_f_t___k_i_t_1_1core_1_1kpoint.tex

LaTeX Font Warning: Font shape `T1/pcr/bc/it' undefined
(Font)              using `T1/pcr/m/n' instead on input line 26.

) (./namespace_d_f_t___k_i_t_1_1interface.tex)
(./namespace_d_f_t___k_i_t_1_1interface_1_1interface.tex [24])
(./namespace_d_f_t___k_i_t_1_1interface_1_1interface__script.tex)
(./namespacegen__period__table.tex [25] [26]) (./namespacegen__scripts.tex
[27]) (./namespace_q_e_s_p_r_e_s_s_o__band__structure__spinorbit.tex)
(./namespace_q_e_s_p_r_e_s_s_o__single__calculation.tex [28])
(./namespace_q_e_s_p_r_e_s_s_o__wannier90__tb.tex) (./namespacesample__run.tex
[29]) (./namespacetest.tex) (./namespacetest1.tex [30]
Overfull \hbox (41.77565pt too wide) in paragraph at lines 19--20
[]\T1/phv/m/n/10 tuple [][]test[]_[]calc[][] = D[]F[]T[]_[]calculator[]_[][]V[]
A[]S[]P.[]D[]F[]T[]_[]calculator[]_[][]V[]A[]S[]P(False,[][]test[]_[]job[][],[]
[]test[]_[]crystal[][],[][]test[]_[]kgrid[][],scheme=0,xc='P[]
 []

) (./namespacetest2.tex
Underfull \hbox (badness 10000) in paragraph at lines 19--20
[]\T1/phv/m/n/10 tuple [][]test[]_[]calc[][] = D[]F[]T[]_[]calculator[]_[][]Q[]
E[]S[]P[]R[]E[]S[]S[]O.[]D[]F[]T[]_[]calculator[]_[][]Q[]E[]S[]P[]R[]E[]S[]S[]O
(False,[][]test[]_[]job[][],[][]test[]_[]
 []

[31]) (./namespacetest3.tex
Overfull \hbox (41.77565pt too wide) in paragraph at lines 13--14
[]\T1/phv/m/n/10 tuple [][]test[]_[]calc[][] = D[]F[]T[]_[]calculator[]_[][]V[]
A[]S[]P.[]D[]F[]T[]_[]calculator[]_[][]V[]A[]S[]P(False,[][]test[]_[]job[][],[]
[]test[]_[]crystal[][],[][]test[]_[]kgrid[][],scheme=0,xc='P[]
 []

[32]) (./namespace_v_a_s_p__band__structure.tex)
(./namespace_v_a_s_p__band__structure__spinorbit.tex [33])
(./namespace_v_a_s_p__ecutoff__convergence.tex [34])
(./namespace_v_a_s_p__kgrid__convergence.tex)
(./namespace_v_a_s_p__relaxation.tex)
(./namespace_v_a_s_p__scan__parameters.tex)
(./namespace_v_a_s_p__single__calculation.tex [35]) [36]
Chapter 6.
(./class_d_f_t___k_i_t_1_1apps_1_1crystal__structure_1_1a7__structure.tex
<class_d_f_t___k_i_t_1_1apps_1_1crystal__structure_1_1a7__structure.pdf, id=451
0, 501.875pt x 146.53748pt>
File: class_d_f_t___k_i_t_1_1apps_1_1crystal__structure_1_1a7__structure.pdf Gr
aphic file (type pdf)

<use class_d_f_t___k_i_t_1_1apps_1_1crystal__structure_1_1a7__structure.pdf>
Package pdftex.def Info: class_d_f_t___k_i_t_1_1apps_1_1crystal__structure_1_1a
7__structure.pdf used on input line 7.
(pdftex.def)             Requested size: 194.89574pt x 56.9055pt.
)
(./class_d_f_t___k_i_t_1_1core_1_1atom_1_1atom.tex [37

 <./class_d_f_t___k_i_t_1_1apps_1_1crystal__structure_1_1a7__structure.pdf>] [3
8])
(./class_d_f_t___k_i_t_1_1core_1_1crystal__3_d_1_1bcc__3_d.tex
<class_d_f_t___k_i_t_1_1core_1_1crystal__3_d_1_1bcc__3_d.pdf, id=4555, 501.875p
t x 175.32501pt>
File: class_d_f_t___k_i_t_1_1core_1_1crystal__3_d_1_1bcc__3_d.pdf Graphic file 
(type pdf)

<use class_d_f_t___k_i_t_1_1core_1_1crystal__3_d_1_1bcc__3_d.pdf>
Package pdftex.def Info: class_d_f_t___k_i_t_1_1core_1_1crystal__3_d_1_1bcc__3_
d.pdf used on input line 7.
(pdftex.def)             Requested size: 162.893pt x 56.9055pt.
 [39 <./class_d_f_t___k_i_t_1_1core_1_1crystal__3_d_1_1bcc__3_d.pdf>])
(./class_d_f_t___k_i_t_1_1apps_1_1crystal__structure_1_1body__center.tex
<class_d_f_t___k_i_t_1_1apps_1_1crystal__structure_1_1body__center.pdf, id=4575
, 501.875pt x 146.53748pt>
File: class_d_f_t___k_i_t_1_1apps_1_1crystal__structure_1_1body__center.pdf Gra
phic file (type pdf)

<use class_d_f_t___k_i_t_1_1apps_1_1crystal__structure_1_1body__center.pdf>
Package pdftex.def Info: class_d_f_t___k_i_t_1_1apps_1_1crystal__structure_1_1b
ody__center.pdf used on input line 7.
(pdftex.def)             Requested size: 194.89574pt x 56.9055pt.
)
(./class_d_f_t___k_i_t_1_1core_1_1calculator_1_1calculator.tex [40 <./class_d_f
_t___k_i_t_1_1apps_1_1crystal__structure_1_1body__center.pdf>] [41] [42])
(./class_d_f_t___k_i_t_1_1calculator_1_1_q_e_s_p_r_e_s_s_o_1_1calculator___q_e_
s_p_r_e_s_s_o.tex
<class_d_f_t___k_i_t_1_1calculator_1_1_q_e_s_p_r_e_s_s_o_1_1calculator___q_e_s_
p_r_e_s_s_o.pdf, id=4648, 501.875pt x 114.06615pt>
File: class_d_f_t___k_i_t_1_1calculator_1_1_q_e_s_p_r_e_s_s_o_1_1calculator___q
_e_s_p_r_e_s_s_o.pdf Graphic file (type pdf)

<use class_d_f_t___k_i_t_1_1calculator_1_1_q_e_s_p_r_e_s_s_o_1_1calculator___q_
e_s_p_r_e_s_s_o.pdf>
Package pdftex.def Info: class_d_f_t___k_i_t_1_1calculator_1_1_q_e_s_p_r_e_s_s_
o_1_1calculator___q_e_s_p_r_e_s_s_o.pdf used on input line 7.
(pdftex.def)             Requested size: 250.37784pt x 56.9055pt.
 [43 <./class_d_f_t___k_i_t_1_1calculator_1_1_q_e_s_p_r_e_s_s_o_1_1calculator__
_q_e_s_p_r_e_s_s_o.pdf>] [44])
(./class_d_f_t___k_i_t_1_1calculator_1_1script_1_1calculator__script.tex
<class_d_f_t___k_i_t_1_1calculator_1_1script_1_1calculator__script.pdf, id=4691
, 501.875pt x 153.24251pt>
File: class_d_f_t___k_i_t_1_1calculator_1_1script_1_1calculator__script.pdf Gra
phic file (type pdf)

<use class_d_f_t___k_i_t_1_1calculator_1_1script_1_1calculator__script.pdf>
Package pdftex.def Info: class_d_f_t___k_i_t_1_1calculator_1_1script_1_1calcula
tor__script.pdf used on input line 7.
(pdftex.def)             Requested size: 186.36473pt x 56.9055pt.

[45 <./class_d_f_t___k_i_t_1_1calculator_1_1script_1_1calculator__script.pdf>])

(./class_d_f_t___k_i_t_1_1calculator_1_1_s_i_e_s_t_a_1_1calculator___s_i_e_s_t_
a.tex
<class_d_f_t___k_i_t_1_1calculator_1_1_s_i_e_s_t_a_1_1calculator___s_i_e_s_t_a.
pdf, id=4711, 501.875pt x 140.38448pt>
File: class_d_f_t___k_i_t_1_1calculator_1_1_s_i_e_s_t_a_1_1calculator___s_i_e_s
_t_a.pdf Graphic file (type pdf)

<use class_d_f_t___k_i_t_1_1calculator_1_1_s_i_e_s_t_a_1_1calculator___s_i_e_s_
t_a.pdf>
Package pdftex.def Info: class_d_f_t___k_i_t_1_1calculator_1_1_s_i_e_s_t_a_1_1c
alculator___s_i_e_s_t_a.pdf used on input line 7.
(pdftex.def)             Requested size: 203.43439pt x 56.9055pt.
 [46 <./class_d_f_t___k_i_t_1_1calculator_1_1_s_i_e_s_t_a_1_1calculator___s_i_e
_s_t_a.pdf>])
(./class_d_f_t___k_i_t_1_1calculator_1_1_v_a_s_p_1_1calculator___v_a_s_p.tex
<class_d_f_t___k_i_t_1_1calculator_1_1_v_a_s_p_1_1calculator___v_a_s_p.pdf, id=
4730, 501.875pt x 149.8097pt>
File: class_d_f_t___k_i_t_1_1calculator_1_1_v_a_s_p_1_1calculator___v_a_s_p.pdf
 Graphic file (type pdf)

<use class_d_f_t___k_i_t_1_1calculator_1_1_v_a_s_p_1_1calculator___v_a_s_p.pdf>
Package pdftex.def Info: class_d_f_t___k_i_t_1_1calculator_1_1_v_a_s_p_1_1calcu
lator___v_a_s_p.pdf used on input line 7.
(pdftex.def)             Requested size: 190.6379pt x 56.9055pt.
[47 <./class_d_f_t___k_i_t_1_1calculator_1_1_v_a_s_p_1_1calculator___v_a_s_p.pd
f>] [48] [49])
(./class_d_f_t___k_i_t_1_1calculator_1_1_wannier90_1_1calculator___wannier90.te
x
<class_d_f_t___k_i_t_1_1calculator_1_1_wannier90_1_1calculator___wannier90.pdf,
 id=4801, 501.875pt x 124.68582pt>
File: class_d_f_t___k_i_t_1_1calculator_1_1_wannier90_1_1calculator___wannier90
.pdf Graphic file (type pdf)

<use class_d_f_t___k_i_t_1_1calculator_1_1_wannier90_1_1calculator___wannier90.
pdf>
Package pdftex.def Info: class_d_f_t___k_i_t_1_1calculator_1_1_wannier90_1_1cal
culator___wannier90.pdf used on input line 7.
(pdftex.def)             Requested size: 229.05035pt x 56.9055pt.
 [50 <./class_d_f_t___k_i_t_1_1calculator_1_1_wannier90_1_1calculator___wannier
90.pdf>])
(./class_d_f_t___k_i_t_1_1core_1_1crystal__3_d_1_1crystal__3_d.tex
<class_d_f_t___k_i_t_1_1core_1_1crystal__3_d_1_1crystal__3_d.pdf, id=4831, 501.
875pt x 373.14406pt>
File: class_d_f_t___k_i_t_1_1core_1_1crystal__3_d_1_1crystal__3_d.pdf Graphic f
ile (type pdf)

<use class_d_f_t___k_i_t_1_1core_1_1crystal__3_d_1_1crystal__3_d.pdf>
Package pdftex.def Info: class_d_f_t___k_i_t_1_1core_1_1crystal__3_d_1_1crystal
__3_d.pdf used on input line 12.
(pdftex.def)             Requested size: 382.70018pt x 284.52756pt.

Underfull \vbox (badness 10000) has occurred while \output is active []

 [51]
[52 <./class_d_f_t___k_i_t_1_1core_1_1crystal__3_d_1_1crystal__3_d.pdf>]
LaTeX Font Info:    Font shape `T1/phv/m/it' in size <10> not available
(Font)              Font shape `T1/phv/m/sl' tried instead on input line 108.
LaTeX Font Info:    Font shape `T1/phv/m/sl' will be
(Font)              scaled to size 8.99994pt on input line 108.

[53] [54] [55])
(./class_d_f_t___k_i_t_1_1core_1_1crystal__3_d_1_1cubic__3_d.tex
<class_d_f_t___k_i_t_1_1core_1_1crystal__3_d_1_1cubic__3_d.pdf, id=4943, 501.87
5pt x 175.32501pt>
File: class_d_f_t___k_i_t_1_1core_1_1crystal__3_d_1_1cubic__3_d.pdf Graphic fil
e (type pdf)

<use class_d_f_t___k_i_t_1_1core_1_1crystal__3_d_1_1cubic__3_d.pdf>
Package pdftex.def Info: class_d_f_t___k_i_t_1_1core_1_1crystal__3_d_1_1cubic__
3_d.pdf used on input line 7.
(pdftex.def)             Requested size: 162.893pt x 56.9055pt.
 [56])
(./class_d_f_t___k_i_t_1_1apps_1_1crystal__structure_1_1diamond.tex
<class_d_f_t___k_i_t_1_1apps_1_1crystal__structure_1_1diamond.pdf, id=4953, 501
.875pt x 160.6pt>
File: class_d_f_t___k_i_t_1_1apps_1_1crystal__structure_1_1diamond.pdf Graphic 
file (type pdf)

<use class_d_f_t___k_i_t_1_1apps_1_1crystal__structure_1_1diamond.pdf>
Package pdftex.def Info: class_d_f_t___k_i_t_1_1apps_1_1crystal__structure_1_1d
iamond.pdf used on input line 7.
(pdftex.def)             Requested size: 177.82608pt x 56.9055pt.
 [57 <./class_d_f_t___k_i_t_1_1core_1_1crystal__3_d_1_1cubic__3_d.pdf> <./class
_d_f_t___k_i_t_1_1apps_1_1crystal__structure_1_1diamond.pdf>])
(./class_d_f_t___k_i_t_1_1core_1_1element_1_1element.tex [58])
(./class_d_f_t___k_i_t_1_1apps_1_1crystal__structure_1_1face__center.tex
<class_d_f_t___k_i_t_1_1apps_1_1crystal__structure_1_1face__center.pdf, id=4996
, 501.875pt x 148.1535pt>
File: class_d_f_t___k_i_t_1_1apps_1_1crystal__structure_1_1face__center.pdf Gra
phic file (type pdf)

<use class_d_f_t___k_i_t_1_1apps_1_1crystal__structure_1_1face__center.pdf>
Package pdftex.def Info: class_d_f_t___k_i_t_1_1apps_1_1crystal__structure_1_1f
ace__center.pdf used on input line 7.
(pdftex.def)             Requested size: 192.76682pt x 56.9055pt.
)
(./class_d_f_t___k_i_t_1_1core_1_1crystal__3_d_1_1fcc__3_d.tex
<class_d_f_t___k_i_t_1_1core_1_1crystal__3_d_1_1fcc__3_d.pdf, id=4999, 501.875p
t x 175.32501pt>
File: class_d_f_t___k_i_t_1_1core_1_1crystal__3_d_1_1fcc__3_d.pdf Graphic file 
(type pdf)

<use class_d_f_t___k_i_t_1_1core_1_1crystal__3_d_1_1fcc__3_d.pdf>
Package pdftex.def Info: class_d_f_t___k_i_t_1_1core_1_1crystal__3_d_1_1fcc__3_
d.pdf used on input line 7.
(pdftex.def)             Requested size: 162.893pt x 56.9055pt.
 [59 <./class_d_f_t___k_i_t_1_1apps_1_1crystal__structure_1_1face__center.pdf>]
)
(./class_d_f_t___k_i_t_1_1apps_1_1crystal__structure_1_1graphene.tex
<class_d_f_t___k_i_t_1_1apps_1_1crystal__structure_1_1graphene.pdf, id=5017, 50
1.875pt x 156.22365pt>
File: class_d_f_t___k_i_t_1_1apps_1_1crystal__structure_1_1graphene.pdf Graphic
 file (type pdf)

<use class_d_f_t___k_i_t_1_1apps_1_1crystal__structure_1_1graphene.pdf>
Package pdftex.def Info: class_d_f_t___k_i_t_1_1apps_1_1crystal__structure_1_1g
raphene.pdf used on input line 7.
(pdftex.def)             Requested size: 182.81143pt x 56.9055pt.

[60 <./class_d_f_t___k_i_t_1_1core_1_1crystal__3_d_1_1fcc__3_d.pdf> <./class_d_
f_t___k_i_t_1_1apps_1_1crystal__structure_1_1graphene.pdf>])
(./class_d_f_t___k_i_t_1_1core_1_1crystal__3_d_1_1hexagonal__3_d.tex
<class_d_f_t___k_i_t_1_1core_1_1crystal__3_d_1_1hexagonal__3_d.pdf, id=5041, 50
1.875pt x 161.2424pt>
File: class_d_f_t___k_i_t_1_1core_1_1crystal__3_d_1_1hexagonal__3_d.pdf Graphic
 file (type pdf)

<use class_d_f_t___k_i_t_1_1core_1_1crystal__3_d_1_1hexagonal__3_d.pdf>
Package pdftex.def Info: class_d_f_t___k_i_t_1_1core_1_1crystal__3_d_1_1hexagon
al__3_d.pdf used on input line 7.
(pdftex.def)             Requested size: 177.12155pt x 56.9055pt.

[61 <./class_d_f_t___k_i_t_1_1core_1_1crystal__3_d_1_1hexagonal__3_d.pdf>])
(./class_d_f_t___k_i_t_1_1core_1_1job_1_1job.tex [62] [63] [64])
(./class_d_f_t___k_i_t_1_1core_1_1kpoint_1_1kpoint.tex [65] [66])
(./class_d_f_t___k_i_t_1_1apps_1_1crystal__structure_1_1layer__material.tex
<class_d_f_t___k_i_t_1_1apps_1_1crystal__structure_1_1layer__material.pdf, id=5
183, 501.875pt x 141.87003pt>
File: class_d_f_t___k_i_t_1_1apps_1_1crystal__structure_1_1layer__material.pdf 
Graphic file (type pdf)

<use class_d_f_t___k_i_t_1_1apps_1_1crystal__structure_1_1layer__material.pdf>
Package pdftex.def Info: class_d_f_t___k_i_t_1_1apps_1_1crystal__structure_1_1l
ayer__material.pdf used on input line 7.
(pdftex.def)             Requested size: 201.30547pt x 56.9055pt.

[67 <./class_d_f_t___k_i_t_1_1apps_1_1crystal__structure_1_1layer__material.pdf
>]) (./class_d_f_t___k_i_t_1_1core_1_1crystal__3_d_1_1monoclinic__3_d.tex
<class_d_f_t___k_i_t_1_1core_1_1crystal__3_d_1_1monoclinic__3_d.pdf, id=5197, 5
01.875pt x 159.9576pt>
File: class_d_f_t___k_i_t_1_1core_1_1crystal__3_d_1_1monoclinic__3_d.pdf Graphi
c file (type pdf)

<use class_d_f_t___k_i_t_1_1core_1_1crystal__3_d_1_1monoclinic__3_d.pdf>
Package pdftex.def Info: class_d_f_t___k_i_t_1_1core_1_1crystal__3_d_1_1monocli
nic__3_d.pdf used on input line 7.
(pdftex.def)             Requested size: 178.53827pt x 56.9055pt.
)
(./class_d_f_t___k_i_t_1_1core_1_1crystal__3_d_1_1orthorhombic__3_d.tex
<class_d_f_t___k_i_t_1_1core_1_1crystal__3_d_1_1orthorhombic__3_d.pdf, id=5201,
 501.875pt x 151.50603pt>
File: class_d_f_t___k_i_t_1_1core_1_1crystal__3_d_1_1orthorhombic__3_d.pdf Grap
hic file (type pdf)

<use class_d_f_t___k_i_t_1_1core_1_1crystal__3_d_1_1orthorhombic__3_d.pdf>
Package pdftex.def Info: class_d_f_t___k_i_t_1_1core_1_1crystal__3_d_1_1orthorh
ombic__3_d.pdf used on input line 7.
(pdftex.def)             Requested size: 188.50131pt x 56.9055pt.

[68 <./class_d_f_t___k_i_t_1_1core_1_1crystal__3_d_1_1monoclinic__3_d.pdf>])
(./class_d_f_t___k_i_t_1_1apps_1_1crystal__structure_1_1perovskite.tex
<class_d_f_t___k_i_t_1_1apps_1_1crystal__structure_1_1perovskite.pdf, id=5219, 
501.875pt x 153.83472pt>
File: class_d_f_t___k_i_t_1_1apps_1_1crystal__structure_1_1perovskite.pdf Graph
ic file (type pdf)

<use class_d_f_t___k_i_t_1_1apps_1_1crystal__structure_1_1perovskite.pdf>
Package pdftex.def Info: class_d_f_t___k_i_t_1_1apps_1_1crystal__structure_1_1p
erovskite.pdf used on input line 7.
(pdftex.def)             Requested size: 185.65254pt x 56.9055pt.

[69 <./class_d_f_t___k_i_t_1_1core_1_1crystal__3_d_1_1orthorhombic__3_d.pdf>])
(./class_d_f_t___k_i_t_1_1apps_1_1slab__surface__rhom_1_1_rhom__parallel__trigo
nal__surface.tex
<class_d_f_t___k_i_t_1_1apps_1_1slab__surface__rhom_1_1_rhom__parallel__trigona
l__surface.pdf, id=5236, 501.875pt x 101.64977pt>
File: class_d_f_t___k_i_t_1_1apps_1_1slab__surface__rhom_1_1_rhom__parallel__tr
igonal__surface.pdf Graphic file (type pdf)

<use class_d_f_t___k_i_t_1_1apps_1_1slab__surface__rhom_1_1_rhom__parallel__tri
gonal__surface.pdf>
Package pdftex.def Info: class_d_f_t___k_i_t_1_1apps_1_1slab__surface__rhom_1_1
_rhom__parallel__trigonal__surface.pdf used on input line 7.
(pdftex.def)             Requested size: 280.95618pt x 56.9055pt.
 [70 <./class_d_f_t___k_i_t_1_1apps_1_1crystal__structure_1_1perovskite.pdf> <.
/class_d_f_t___k_i_t_1_1apps_1_1slab__surface__rhom_1_1_rhom__parallel__trigona
l__surface.pdf>])
(./class_d_f_t___k_i_t_1_1apps_1_1wire__rhom_1_1_rhom__trigonal__nanowire.tex
<class_d_f_t___k_i_t_1_1apps_1_1wire__rhom_1_1_rhom__trigonal__nanowire.pdf, id
=5261, 501.875pt x 131.2102pt>
File: class_d_f_t___k_i_t_1_1apps_1_1wire__rhom_1_1_rhom__trigonal__nanowire.pd
f Graphic file (type pdf)

<use class_d_f_t___k_i_t_1_1apps_1_1wire__rhom_1_1_rhom__trigonal__nanowire.pdf
>
Package pdftex.def Info: class_d_f_t___k_i_t_1_1apps_1_1wire__rhom_1_1_rhom__tr
igonal__nanowire.pdf used on input line 7.
(pdftex.def)             Requested size: 217.66292pt x 56.9055pt.
 [71 <./class_d_f_t___k_i_t_1_1apps_1_1wire__rhom_1_1_rhom__trigonal__nanowire.
pdf>])
(./class_d_f_t___k_i_t_1_1apps_1_1slab__surface__rhom_1_1_rhom__trigonal__surfa
ce.tex
<class_d_f_t___k_i_t_1_1apps_1_1slab__surface__rhom_1_1_rhom__trigonal__surface
.pdf, id=5293, 501.875pt x 116.04353pt>
File: class_d_f_t___k_i_t_1_1apps_1_1slab__surface__rhom_1_1_rhom__trigonal__su
rface.pdf Graphic file (type pdf)

<use class_d_f_t___k_i_t_1_1apps_1_1slab__surface__rhom_1_1_rhom__trigonal__sur
face.pdf>
Package pdftex.def Info: class_d_f_t___k_i_t_1_1apps_1_1slab__surface__rhom_1_1
_rhom__trigonal__surface.pdf used on input line 7.
(pdftex.def)             Requested size: 246.10469pt x 56.9055pt.
 [72 <./class_d_f_t___k_i_t_1_1apps_1_1slab__surface__rhom_1_1_rhom__trigonal__
surface.pdf>])
(./class_d_f_t___k_i_t_1_1core_1_1crystal__3_d_1_1rhombohedral__3_d.tex
<class_d_f_t___k_i_t_1_1core_1_1crystal__3_d_1_1rhombohedral__3_d.pdf, id=5313,
 501.875pt x 149.25763pt>
File: class_d_f_t___k_i_t_1_1core_1_1crystal__3_d_1_1rhombohedral__3_d.pdf Grap
hic file (type pdf)

<use class_d_f_t___k_i_t_1_1core_1_1crystal__3_d_1_1rhombohedral__3_d.pdf>
Package pdftex.def Info: class_d_f_t___k_i_t_1_1core_1_1crystal__3_d_1_1rhomboh
edral__3_d.pdf used on input line 7.
(pdftex.def)             Requested size: 191.34242pt x 56.9055pt.

[73]) (./class_d_f_t___k_i_t_1_1apps_1_1crystal__structure_1_1rocksalt.tex
<class_d_f_t___k_i_t_1_1apps_1_1crystal__structure_1_1rocksalt.pdf, id=5330, 50
1.875pt x 162.54727pt>
File: class_d_f_t___k_i_t_1_1apps_1_1crystal__structure_1_1rocksalt.pdf Graphic
 file (type pdf)

<use class_d_f_t___k_i_t_1_1apps_1_1crystal__structure_1_1rocksalt.pdf>
Package pdftex.def Info: class_d_f_t___k_i_t_1_1apps_1_1crystal__structure_1_1r
ocksalt.pdf used on input line 7.
(pdftex.def)             Requested size: 175.69716pt x 56.9055pt.

[74 <./class_d_f_t___k_i_t_1_1core_1_1crystal__3_d_1_1rhombohedral__3_d.pdf> <.
/class_d_f_t___k_i_t_1_1apps_1_1crystal__structure_1_1rocksalt.pdf>])
(./class_d_f_t___k_i_t_1_1core_1_1general__tool_1_1segments.tex [75])
(./class_d_f_t___k_i_t_1_1core_1_1crystal__3_d_1_1tetragonal__3_d.tex
<class_d_f_t___k_i_t_1_1core_1_1crystal__3_d_1_1tetragonal__3_d.pdf, id=5383, 5
01.875pt x 162.54727pt>
File: class_d_f_t___k_i_t_1_1core_1_1crystal__3_d_1_1tetragonal__3_d.pdf Graphi
c file (type pdf)

<use class_d_f_t___k_i_t_1_1core_1_1crystal__3_d_1_1tetragonal__3_d.pdf>
Package pdftex.def Info: class_d_f_t___k_i_t_1_1core_1_1crystal__3_d_1_1tetrago
nal__3_d.pdf used on input line 7.
(pdftex.def)             Requested size: 175.69716pt x 56.9055pt.

[76]) (./class_d_f_t___k_i_t_1_1core_1_1crystal__3_d_1_1triclinic__3_d.tex
<class_d_f_t___k_i_t_1_1core_1_1crystal__3_d_1_1triclinic__3_d.pdf, id=5392, 50
1.875pt x 173.05653pt>
File: class_d_f_t___k_i_t_1_1core_1_1crystal__3_d_1_1triclinic__3_d.pdf Graphic
 file (type pdf)

<use class_d_f_t___k_i_t_1_1core_1_1crystal__3_d_1_1triclinic__3_d.pdf>
Package pdftex.def Info: class_d_f_t___k_i_t_1_1core_1_1crystal__3_d_1_1triclin
ic__3_d.pdf used on input line 7.
(pdftex.def)             Requested size: 165.02959pt x 56.9055pt.

[77 <./class_d_f_t___k_i_t_1_1core_1_1crystal__3_d_1_1tetragonal__3_d.pdf> <./c
lass_d_f_t___k_i_t_1_1core_1_1crystal__3_d_1_1triclinic__3_d.pdf>]) [78]
Chapter 7.
(./____init_____8py.tex) (./apps_2____init_____8py.tex)
(./calculator_2____init_____8py.tex) (./core_2____init_____8py.tex)
(./interface_2____init_____8py.tex) (./bismuth__antimony_8py.tex [79

]
Underfull \hbox (badness 2735) in paragraph at lines 12--14
[]\T1/phv/m/n/10 dictionary [][]D[]F[]T[]_[][]K[]I[]T.[]apps.[]bismuth[]_[]anti
mony.[]Sb[]_[]exp[]_[]1[][] = {'lattice[]_[]constant'[]:4.[]489,'angle'[]:(57.[
]0+14.[]0/60.[]
 []


Underfull \hbox (badness 4621) in paragraph at lines 14--16
[]\T1/phv/m/n/10 dictionary [][]D[]F[]T[]_[][]K[]I[]T.[]apps.[]bismuth[]_[]anti
mony.[]Sb[]_[]exp[]_[]2[][] = {'lattice[]_[]constant'[]:4.[]4898,'angle'[]:(57.
[]233)$\OMS/ztmcm/m/n/10 ^^C$\T1/phv/m/n/10 np.[]
 []


Underfull \hbox (badness 1688) in paragraph at lines 30--32
[]\T1/phv/m/n/10 dictionary [][]D[]F[]T[]_[][]K[]I[]T.[]apps.[]bismuth[]_[]anti
mony.[]Bi[]_[]exp[]_[]1[][] = {'lattice[]_[]constant'[]:4.[]7212,'angle'[]:(57.
[]0+19.[]0/60.[]
 []


Underfull \hbox (badness 10000) in paragraph at lines 32--34
[]\T1/phv/m/n/10 dictionary [][]D[]F[]T[]_[][]K[]I[]T.[]apps.[]bismuth[]_[]anti
mony.[]Bi[]_[]exp[]_[]2[][] = {'lattice[]_[]constant'[]:4.[]7236,'angle'[]:(57.
[]35)$\OMS/ztmcm/m/n/10 ^^C$\T1/phv/m/n/10 np.[]
 []


Underfull \hbox (badness 4328) in paragraph at lines 34--36
[]\T1/phv/m/n/10 dictionary [][]D[]F[]T[]_[][]K[]I[]T.[]apps.[]bismuth[]_[]anti
mony.[]Bi[]_[]dft[]_[]1[][] = {'lattice[]_[]constant'[]:4.[]7973,'angle'[]:(53.
[]0+56.[]0/60.[]
 []


Underfull \hbox (badness 4328) in paragraph at lines 36--38
[]\T1/phv/m/n/10 dictionary [][]D[]F[]T[]_[][]K[]I[]T.[]apps.[]bismuth[]_[]anti
mony.[]Bi[]_[]dft[]_[]2[][] = {'lattice[]_[]constant'[]:4.[]7827,'angle'[]:(56.
[]0+17.[]0/60.[]
 []


Underfull \hbox (badness 4328) in paragraph at lines 38--40
[]\T1/phv/m/n/10 dictionary [][]D[]F[]T[]_[][]K[]I[]T.[]apps.[]bismuth[]_[]anti
mony.[]Bi[]_[]dft[]_[]3[][] = {'lattice[]_[]constant'[]:4.[]8038,'angle'[]:(53.
[]0+36.[]0/60.[]
 []


Underfull \hbox (badness 841) in paragraph at lines 40--42
[]\T1/phv/m/n/10 tuple [][]D[]F[]T[]_[][]K[]I[]T.[]apps.[]bismuth[]_[]antimony.
[]Bi[]_[]exp[][] = element.[]element('Bi',208.[]9804,83,5,vasp[]_[]pot='Bi',qes
[]_[]
 []

) (./crystal__structure_8py.tex [80]) (./dft__cmdtool_8py.tex)
(./slab__surface__rhom_8py.tex) (./wire__rhom_8py.tex)
(./_q_e_s_p_r_e_s_s_o_8py.tex [81]
Underfull \hbox (badness 4084) in paragraph at lines 21--23
[]\T1/phv/m/n/10 string [][]D[]F[]T[]_[][]K[]I[]T.[]calculator.[]Q[]E[]S[]P[]R[
]E[]S[]S[]O.[]Q[]E[]S[]_[]electrons[]_[]flags[][] = 'electron[]_[]maxstep scf[]
_[]must[]_[]converge
 []

) (./script_8py.tex) (./_s_i_e_s_t_a_8py.tex [82]) (./_v_a_s_p_8py.tex)
(./_wannier90_8py.tex) (./atom_8py.tex [83]) (./calculator_8py.tex)
(./crystal__3_d_8py.tex) (./element_8py.tex [84]) (./env__parm_8py.tex)
(./env__parm__odyssey_8py.tex [85]) (./general__tool_8py.tex) (./job_8py.tex)
(./kpoint_8py.tex [86]) (./gen__scripts_8py.tex)
(./_q_e_s_p_r_e_s_s_o__band__structure__spinorbit_8py.tex)
(./_q_e_s_p_r_e_s_s_o__single__calculation_8py.tex
Underfull \hbox (badness 3386) in paragraph at lines 18--19
[]\T1/phv/m/n/10 tuple [][]Q[]E[]S[]P[]R[]E[]S[]S[]O[]_[]single[]_[]calculation
.[]test[]_[]calc[][] = Q[]E[]S[]P[]R[]E[]S[]S[]O.[]calculator[]_[][]Q[]E[]S[]P[
]R[]E[]S[]S[]O(False,test[]_[]
 []

) (./_q_e_s_p_r_e_s_s_o__wannier90__tb_8py.tex [87]
Underfull \hbox (badness 1668) in paragraph at lines 16--18
[]\T1/phv/m/n/10 tuple [][]Q[]E[]S[]P[]R[]E[]S[]S[]O[]_[]wannier90[]_[]tb.[]tes
t[]_[]crystal[][] = crystal[]_[]structure.[]a7[]_[]structure(element.[]Bi[]_[]e
xp,length[]_[]
 []

) (./sample__run_8py.tex) (./_v_a_s_p__band__structure_8py.tex)
(./_v_a_s_p__band__structure__spinorbit_8py.tex [88])
(./_v_a_s_p__ecutoff__convergence_8py.tex
Underfull \hbox (badness 3375) in paragraph at lines 28--30
[]\T1/phv/m/n/10 tuple [][]V[]A[]S[]P[]_[]ecutoff[]_[]convergence.[]test[]_[]cr
ystal[][] = crystal[]_[]structure.[]a7[]_[]structure(element.[]Bi[]_[]exp,lengt
h[]_[]
 []


Underfull \hbox (badness 8056) in paragraph at lines 30--31
[]\T1/phv/m/n/10 tuple [][]V[]A[]S[]P[]_[]ecutoff[]_[]convergence.[]test[]_[]ca
lc[][] = V[]A[]S[]P.[]calculator[]_[][]V[]A[]S[]P(False,test[]_[]job,test[]_[]c
rystal,test[]_[]
 []

) (./_v_a_s_p__kgrid__convergence_8py.tex) (./_v_a_s_p__relaxation_8py.tex)
(./_v_a_s_p__scan__parameters_8py.tex) (./_v_a_s_p__single__calculation_8py.tex
[89]
Underfull \hbox (badness 10000) in paragraph at lines 20--21
[]\T1/phv/m/n/10 tuple [][]V[]A[]S[]P[]_[]single[]_[]calculation.[]test[]_[]cal
c[][] = V[]A[]S[]P.[]calculator[]_[][]V[]A[]S[]P(False,test[]_[]job,test[]_[]cr
ystal,test[]_[]
 []

) (./interface_8py.tex) (./interface__script_8py.tex)
(./gen__period__table_8py.tex [90]) (./test_8py.tex) (./test1_8py.tex
Underfull \hbox (badness 10000) in paragraph at lines 24--25
[]\T1/phv/m/n/10 tuple [][]test1.[]test[]_[]calc[][] = D[]F[]T[]_[]calculator[]
_[][]V[]A[]S[]P.[]D[]F[]T[]_[]calculator[]_[][]V[]A[]S[]P(False,test[]_[]job,te
st[]_[]crystal,test[]_[]
 []

) (./test2_8py.tex [91]) (./test3_8py.tex
Underfull \hbox (badness 10000) in paragraph at lines 18--19
[]\T1/phv/m/n/10 tuple [][]test3.[]test[]_[]calc[][] = D[]F[]T[]_[]calculator[]
_[][]V[]A[]S[]P.[]D[]F[]T[]_[]calculator[]_[][]V[]A[]S[]P(False,test[]_[]job,te
st[]_[]crystal,test[]_[]
 []

) [92] (./refman.ind [93


])
Package atveryend Info: Empty hook `BeforeClearDocument' on input line 278.
Package atveryend Info: Empty hook `AfterLastShipout' on input line 278.
 (./refman.aux)
Package atveryend Info: Executing hook `AtVeryEndDocument' on input line 278.
Package atveryend Info: Executing hook `AtEndAfterFileList' on input line 278.
Package rerunfilecheck Info: File `refman.out' has not changed.
(rerunfilecheck)             Checksum: E8C2F975B4CEEDE2001475A6FA76A98E;144662.



LaTeX Font Warning: Some font shapes were not available, defaults substituted.

Package atveryend Info: Empty hook `AtVeryVeryEnd' on input line 278.
 ) 
Here is how much of TeX's memory you used:
 15410 strings out of 493315
 299575 string characters out of 6137904
 354395 words of memory out of 5000000
 16903 multiletter control sequences out of 15000+600000
 84105 words of font info for 112 fonts, out of 8000000 for 9000
 957 hyphenation exceptions out of 8191
 48i,17n,43p,3452b,717s stack positions out of 5000i,500n,10000p,200000b,80000s
{/usr/local/texlive/2013/texmf-dist/fonts/enc/dvips/base/8r.enc}</usr/local/t
exlive/2013/texmf-dist/fonts/type1/public/amsfonts/cm/cmmi10.pfb></usr/local/te
xlive/2013/texmf-dist/fonts/type1/public/amsfonts/cm/cmsy10.pfb></usr/local/tex
live/2013/texmf-dist/fonts/type1/urw/courier/ucrr8a.pfb></usr/local/texlive/201
3/texmf-dist/fonts/type1/urw/helvetic/uhvb8a.pfb></usr/local/texlive/2013/texmf
-dist/fonts/type1/urw/helvetic/uhvb8ac.pfb></usr/local/texlive/2013/texmf-dist/
fonts/type1/urw/helvetic/uhvbo8ac.pfb></usr/local/texlive/2013/texmf-dist/fonts
/type1/urw/helvetic/uhvr8a.pfb></usr/local/texlive/2013/texmf-dist/fonts/type1/
urw/helvetic/uhvro8a.pfb>
Output written on refman.pdf (113 pages, 463313 bytes).
PDF statistics:
 6181 PDF objects out of 6186 (max. 8388607)
 5946 compressed objects within 60 object streams
 1496 named destinations out of 1728 (max. 500000)
 5523 words of extra memory for PDF output out of 10000 (max. 10000000)

